<?xml version="1.0" encoding="UTF-8"?>
<testsuite xmlns:xsi="http://www.w3.org/2001/XMLSchema-instance" xsi:noNamespaceSchemaLocation="https://maven.apache.org/surefire/maven-surefire-plugin/xsd/surefire-test-report.xsd" version="3.0.2" name="com.portfolio.martina_b.MartinaBApplicationTests" time="25.896" tests="1" errors="0" skipped="0" failures="0">
  <properties>
[...]
</properties>
  <testcase name="contextLoads" classname="com.portfolio.martina_b.MartinaBApplicationTests" time="0.831">
    <system-out><![CDATA[15:40:53.764 [main] INFO org.springframework.test.context.support.AnnotationConfigContextLoaderUtils -- Could not detect default configuration classes for test class [com.portfolio.martina_b.MartinaBApplicationTests]: MartinaBApplicationTests does not declare any static, non-private, non-final, nested classes annotated with @Configuration.
15:40:54.066 [main] INFO org.springframework.boot.test.context.SpringBootTestContextBootstrapper -- Found @SpringBootConfiguration com.portfolio.martina_b.MartinaBApplication for test class com.portfolio.martina_b.MartinaBApplicationTests
15:40:54.486 [main] INFO org.springframework.boot.devtools.restart.RestartApplicationListener -- Restart disabled due to context in which it is running

  .   ____          _            __ _ _
 /\\ / ___'_ __ _ _(_)_ __  __ _ \ \ \ \
( ( )\___ | '_ | '_| | '_ \/ _` | \ \ \ \
 \\/  ___)| |_)| | | | | || (_| |  ) ) ) )
  '  |____| .__|_| |_|_| |_\__, | / / / /
 =========|_|==============|___/=/_/_/_/

 :: Spring Boot ::                (v3.4.4)

2025-04-10T15:40:55.402-03:00 DEBUG 11104 --- [kground-preinit] o.h.v.i.xml.config.ValidationXmlParser   : Trying to load META-INF/validation.xml for XML based Validator configuration.
2025-04-10T15:40:55.415-03:00 DEBUG 11104 --- [kground-preinit] o.h.v.i.xml.config.ResourceLoaderHelper  : Trying to load META-INF/validation.xml via TCCL
2025-04-10T15:40:55.416-03:00 DEBUG 11104 --- [kground-preinit] o.h.v.i.xml.config.ResourceLoaderHelper  : Trying to load META-INF/validation.xml via Hibernate Validator's class loader
2025-04-10T15:40:55.604-03:00 DEBUG 11104 --- [kground-preinit] o.h.v.i.xml.config.ValidationXmlParser   : No META-INF/validation.xml found. Using annotation based configuration only.
2025-04-10T15:40:55.629-03:00 DEBUG 11104 --- [kground-preinit] o.h.v.i.e.resolver.TraversableResolvers  : Found jakarta.persistence.Persistence on classpath containing 'getPersistenceUtil'. Assuming JPA 2 environment. Trying to instantiate JPA aware TraversableResolver
2025-04-10T15:40:55.631-03:00 DEBUG 11104 --- [kground-preinit] o.h.v.i.e.resolver.TraversableResolvers  : Instantiated JPA aware TraversableResolver of type org.hibernate.validator.internal.engine.resolver.JPATraversableResolver.
2025-04-10T15:40:55.671-03:00  INFO 11104 --- [           main] c.p.martina_b.MartinaBApplicationTests   : Starting MartinaBApplicationTests using Java 23.0.2 with PID 11104 (started by Usuario in C:\Users\Usuario\Desktop\PortfolioBackend)
2025-04-10T15:40:55.677-03:00  INFO 11104 --- [           main] c.p.martina_b.MartinaBApplicationTests   : No active profile set, falling back to 1 default profile: "default"
2025-04-10T15:40:55.694-03:00 DEBUG 11104 --- [kground-preinit] .h.v.m.ResourceBundleMessageInterpolator : Loaded expression factory via original TCCL
2025-04-10T15:40:56.066-03:00 DEBUG 11104 --- [kground-preinit] .i.e.ValidatorFactoryConfigurationHelper : HV000252: Using org.hibernate.validator.internal.engine.DefaultPropertyNodeNameProvider as property node name provider.
2025-04-10T15:40:56.076-03:00 DEBUG 11104 --- [kground-preinit] .i.e.ValidatorFactoryConfigurationHelper : HV000234: Using org.hibernate.validator.messageinterpolation.ResourceBundleMessageInterpolator as ValidatorFactory-scoped message interpolator.
2025-04-10T15:40:56.077-03:00 DEBUG 11104 --- [kground-preinit] .i.e.ValidatorFactoryConfigurationHelper : HV000234: Using org.hibernate.validator.internal.engine.resolver.JPATraversableResolver as ValidatorFactory-scoped traversable resolver.
2025-04-10T15:40:56.077-03:00 DEBUG 11104 --- [kground-preinit] .i.e.ValidatorFactoryConfigurationHelper : HV000234: Using org.hibernate.validator.internal.util.ExecutableParameterNameProvider as ValidatorFactory-scoped parameter name provider.
2025-04-10T15:40:56.077-03:00 DEBUG 11104 --- [kground-preinit] .i.e.ValidatorFactoryConfigurationHelper : HV000234: Using org.hibernate.validator.internal.engine.DefaultClockProvider as ValidatorFactory-scoped clock provider.
2025-04-10T15:40:56.078-03:00 DEBUG 11104 --- [kground-preinit] .i.e.ValidatorFactoryConfigurationHelper : HV000234: Using org.hibernate.validator.internal.engine.scripting.DefaultScriptEvaluatorFactory as ValidatorFactory-scoped script evaluator factory.
2025-04-10T15:40:58.719-03:00  INFO 11104 --- [           main] .s.d.r.c.RepositoryConfigurationDelegate : Bootstrapping Spring Data JPA repositories in DEFAULT mode.
2025-04-10T15:40:58.974-03:00  INFO 11104 --- [           main] .s.d.r.c.RepositoryConfigurationDelegate : Finished Spring Data repository scanning in 229 ms. Found 6 JPA repository interfaces.
2025-04-10T15:41:00.415-03:00 DEBUG 11104 --- [           main] com.zaxxer.hikari.HikariConfig           : Driver class org.postgresql.Driver found in Thread context class loader jdk.internal.loader.ClassLoaders$AppClassLoader@70dea4e
2025-04-10T15:41:00.791-03:00 DEBUG 11104 --- [           main] o.hibernate.jpa.internal.util.LogHelper  : PersistenceUnitInfo [
	name: default
	persistence provider classname: null
	classloader: jdk.internal.loader.ClassLoaders$AppClassLoader@70dea4e
	excludeUnlistedClasses: true
	JTA datasource: null
	Non JTA datasource: HikariDataSource (null)
	Transaction type: RESOURCE_LOCAL
	PU root URL: file:/C:/Users/Usuario/Desktop/PortfolioBackend/target/test-classes/
	Shared Cache Mode: UNSPECIFIED
	Validation Mode: AUTO
	Jar files URLs []
	Managed classes names [
		com.portfolio.martina_b.entidad.Educacion
		com.portfolio.martina_b.entidad.Experiencia
		com.portfolio.martina_b.entidad.HardAndSoftSkills
		com.portfolio.martina_b.entidad.Persona
		com.portfolio.martina_b.Security.Entity.Rol
		com.portfolio.martina_b.Security.Entity.Usuario]
	Mapping files names []
	Properties []
2025-04-10T15:41:00.835-03:00 DEBUG 11104 --- [           main] o.h.i.internal.IntegratorServiceImpl     : Adding Integrator [org.hibernate.boot.beanvalidation.BeanValidationIntegrator].
2025-04-10T15:41:00.839-03:00 DEBUG 11104 --- [           main] o.h.i.internal.IntegratorServiceImpl     : Adding Integrator [org.hibernate.cache.internal.CollectionCacheInvalidator].
2025-04-10T15:41:01.507-03:00  INFO 11104 --- [           main] org.hibernate.Version                    : HHH000412: Hibernate ORM core version 6.6.11.Final
2025-04-10T15:41:01.509-03:00 DEBUG 11104 --- [           main] org.hibernate.cfg.Environment            : HHH000206: 'hibernate.properties' not found
2025-04-10T15:41:01.612-03:00 DEBUG 11104 --- [           main] org.hibernate.orm.idgen.factory          : Registering IdentifierGenerator strategy [uuid2] -> [org.hibernate.id.UUIDGenerator]
2025-04-10T15:41:01.612-03:00 DEBUG 11104 --- [           main] org.hibernate.orm.idgen.factory          : Registering IdentifierGenerator strategy [guid] -> [org.hibernate.id.GUIDGenerator]
2025-04-10T15:41:01.612-03:00 DEBUG 11104 --- [           main] org.hibernate.orm.idgen.factory          : Registering IdentifierGenerator strategy [uuid] -> [org.hibernate.id.UUIDHexGenerator]
2025-04-10T15:41:01.612-03:00 DEBUG 11104 --- [           main] org.hibernate.orm.idgen.factory          : Registering IdentifierGenerator strategy [uuid.hex] -> [org.hibernate.id.UUIDHexGenerator]
2025-04-10T15:41:01.612-03:00 DEBUG 11104 --- [           main] org.hibernate.orm.idgen.factory          : Registering IdentifierGenerator strategy [assigned] -> [org.hibernate.id.Assigned]
2025-04-10T15:41:01.612-03:00 DEBUG 11104 --- [           main] org.hibernate.orm.idgen.factory          : Registering IdentifierGenerator strategy [identity] -> [org.hibernate.id.IdentityGenerator]
2025-04-10T15:41:01.612-03:00 DEBUG 11104 --- [           main] org.hibernate.orm.idgen.factory          : Registering IdentifierGenerator strategy [select] -> [org.hibernate.id.SelectGenerator]
2025-04-10T15:41:01.612-03:00 DEBUG 11104 --- [           main] org.hibernate.orm.idgen.factory          : Registering IdentifierGenerator strategy [sequence] -> [org.hibernate.id.enhanced.SequenceStyleGenerator]
2025-04-10T15:41:01.612-03:00 DEBUG 11104 --- [           main] org.hibernate.orm.idgen.factory          : Registering IdentifierGenerator strategy [increment] -> [org.hibernate.id.IncrementGenerator]
2025-04-10T15:41:01.612-03:00 DEBUG 11104 --- [           main] org.hibernate.orm.idgen.factory          : Registering IdentifierGenerator strategy [foreign] -> [org.hibernate.id.ForeignGenerator]
2025-04-10T15:41:01.612-03:00 DEBUG 11104 --- [           main] org.hibernate.orm.idgen.factory          : Registering IdentifierGenerator strategy [enhanced-sequence] -> [org.hibernate.id.enhanced.SequenceStyleGenerator]
2025-04-10T15:41:01.627-03:00 DEBUG 11104 --- [           main] org.hibernate.orm.idgen.factory          : Registering IdentifierGenerator strategy [enhanced-table] -> [org.hibernate.id.enhanced.TableGenerator]
2025-04-10T15:41:01.627-03:00 DEBUG 11104 --- [           main] o.h.c.internal.RegionFactoryInitiator    : Cannot default RegionFactory based on registered strategies as `[]` RegionFactory strategies were registered
2025-04-10T15:41:01.627-03:00  INFO 11104 --- [           main] o.h.c.internal.RegionFactoryInitiator    : HHH000026: Second-level cache disabled
2025-04-10T15:41:01.837-03:00 DEBUG 11104 --- [           main] org.hibernate.type.BasicTypeRegistry     : Adding type registration boolean -> org.hibernate.type.BasicTypeReference@4c4c7d6c
2025-04-10T15:41:01.837-03:00 DEBUG 11104 --- [           main] org.hibernate.type.BasicTypeRegistry     : Adding type registration boolean -> org.hibernate.type.BasicTypeReference@4c4c7d6c
2025-04-10T15:41:01.837-03:00 DEBUG 11104 --- [           main] org.hibernate.type.BasicTypeRegistry     : Adding type registration java.lang.Boolean -> org.hibernate.type.BasicTypeReference@4c4c7d6c
2025-04-10T15:41:01.837-03:00 DEBUG 11104 --- [           main] org.hibernate.type.BasicTypeRegistry     : Adding type registration numeric_boolean -> org.hibernate.type.BasicTypeReference@7f0766ef
2025-04-10T15:41:01.837-03:00 DEBUG 11104 --- [           main] org.hibernate.type.BasicTypeRegistry     : Adding type registration org.hibernate.type.NumericBooleanConverter -> org.hibernate.type.BasicTypeReference@7f0766ef
2025-04-10T15:41:01.837-03:00 DEBUG 11104 --- [           main] org.hibernate.type.BasicTypeRegistry     : Adding type registration true_false -> org.hibernate.type.BasicTypeReference@1e56bc9b
2025-04-10T15:41:01.853-03:00 DEBUG 11104 --- [           main] org.hibernate.type.BasicTypeRegistry     : Adding type registration org.hibernate.type.TrueFalseConverter -> org.hibernate.type.BasicTypeReference@1e56bc9b
2025-04-10T15:41:01.853-03:00 DEBUG 11104 --- [           main] org.hibernate.type.BasicTypeRegistry     : Adding type registration yes_no -> org.hibernate.type.BasicTypeReference@6f3bd37f
2025-04-10T15:41:01.853-03:00 DEBUG 11104 --- [           main] org.hibernate.type.BasicTypeRegistry     : Adding type registration org.hibernate.type.YesNoConverter -> org.hibernate.type.BasicTypeReference@6f3bd37f
2025-04-10T15:41:01.853-03:00 DEBUG 11104 --- [           main] org.hibernate.type.BasicTypeRegistry     : Adding type registration byte -> org.hibernate.type.BasicTypeReference@403364e9
2025-04-10T15:41:01.853-03:00 DEBUG 11104 --- [           main] org.hibernate.type.BasicTypeRegistry     : Adding type registration byte -> org.hibernate.type.BasicTypeReference@403364e9
2025-04-10T15:41:01.853-03:00 DEBUG 11104 --- [           main] org.hibernate.type.BasicTypeRegistry     : Adding type registration java.lang.Byte -> org.hibernate.type.BasicTypeReference@403364e9
2025-04-10T15:41:01.853-03:00 DEBUG 11104 --- [           main] org.hibernate.type.BasicTypeRegistry     : Adding type registration binary -> org.hibernate.type.BasicTypeReference@447521e
2025-04-10T15:41:01.853-03:00 DEBUG 11104 --- [           main] org.hibernate.type.BasicTypeRegistry     : Adding type registration byte[] -> org.hibernate.type.BasicTypeReference@447521e
2025-04-10T15:41:01.853-03:00 DEBUG 11104 --- [           main] org.hibernate.type.BasicTypeRegistry     : Adding type registration [B -> org.hibernate.type.BasicTypeReference@447521e
2025-04-10T15:41:01.853-03:00 DEBUG 11104 --- [           main] org.hibernate.type.BasicTypeRegistry     : Adding type registration binary_wrapper -> org.hibernate.type.BasicTypeReference@2fde9469
2025-04-10T15:41:01.853-03:00 DEBUG 11104 --- [           main] org.hibernate.type.BasicTypeRegistry     : Adding type registration wrapper-binary -> org.hibernate.type.BasicTypeReference@2fde9469
2025-04-10T15:41:01.853-03:00 DEBUG 11104 --- [           main] org.hibernate.type.BasicTypeRegistry     : Adding type registration image -> org.hibernate.type.BasicTypeReference@1ecf0ac6
2025-04-10T15:41:01.853-03:00 DEBUG 11104 --- [           main] org.hibernate.type.BasicTypeRegistry     : Adding type registration blob -> org.hibernate.type.BasicTypeReference@458031da
2025-04-10T15:41:01.853-03:00 DEBUG 11104 --- [           main] org.hibernate.type.BasicTypeRegistry     : Adding type registration java.sql.Blob -> org.hibernate.type.BasicTypeReference@458031da
2025-04-10T15:41:01.853-03:00 DEBUG 11104 --- [           main] org.hibernate.type.BasicTypeRegistry     : Adding type registration materialized_blob -> org.hibernate.type.BasicTypeReference@7be94cd6
2025-04-10T15:41:01.853-03:00 DEBUG 11104 --- [           main] org.hibernate.type.BasicTypeRegistry     : Adding type registration materialized_blob_wrapper -> org.hibernate.type.BasicTypeReference@20cff21e
2025-04-10T15:41:01.853-03:00 DEBUG 11104 --- [           main] org.hibernate.type.BasicTypeRegistry     : Adding type registration short -> org.hibernate.type.BasicTypeReference@463045fb
2025-04-10T15:41:01.853-03:00 DEBUG 11104 --- [           main] org.hibernate.type.BasicTypeRegistry     : Adding type registration short -> org.hibernate.type.BasicTypeReference@463045fb
2025-04-10T15:41:01.853-03:00 DEBUG 11104 --- [           main] org.hibernate.type.BasicTypeRegistry     : Adding type registration java.lang.Short -> org.hibernate.type.BasicTypeReference@463045fb
2025-04-10T15:41:01.853-03:00 DEBUG 11104 --- [           main] org.hibernate.type.BasicTypeRegistry     : Adding type registration integer -> org.hibernate.type.BasicTypeReference@27ab206
2025-04-10T15:41:01.853-03:00 DEBUG 11104 --- [           main] org.hibernate.type.BasicTypeRegistry     : Adding type registration int -> org.hibernate.type.BasicTypeReference@27ab206
2025-04-10T15:41:01.853-03:00 DEBUG 11104 --- [           main] org.hibernate.type.BasicTypeRegistry     : Adding type registration java.lang.Integer -> org.hibernate.type.BasicTypeReference@27ab206
2025-04-10T15:41:01.853-03:00 DEBUG 11104 --- [           main] org.hibernate.type.BasicTypeRegistry     : Adding type registration long -> org.hibernate.type.BasicTypeReference@3344d163
2025-04-10T15:41:01.853-03:00 DEBUG 11104 --- [           main] org.hibernate.type.BasicTypeRegistry     : Adding type registration long -> org.hibernate.type.BasicTypeReference@3344d163
2025-04-10T15:41:01.853-03:00 DEBUG 11104 --- [           main] org.hibernate.type.BasicTypeRegistry     : Adding type registration java.lang.Long -> org.hibernate.type.BasicTypeReference@3344d163
2025-04-10T15:41:01.853-03:00 DEBUG 11104 --- [           main] org.hibernate.type.BasicTypeRegistry     : Adding type registration float -> org.hibernate.type.BasicTypeReference@6cc48a17
2025-04-10T15:41:01.853-03:00 DEBUG 11104 --- [           main] org.hibernate.type.BasicTypeRegistry     : Adding type registration float -> org.hibernate.type.BasicTypeReference@6cc48a17
2025-04-10T15:41:01.853-03:00 DEBUG 11104 --- [           main] org.hibernate.type.BasicTypeRegistry     : Adding type registration java.lang.Float -> org.hibernate.type.BasicTypeReference@6cc48a17
2025-04-10T15:41:01.853-03:00 DEBUG 11104 --- [           main] org.hibernate.type.BasicTypeRegistry     : Adding type registration double -> org.hibernate.type.BasicTypeReference@289f15e9
2025-04-10T15:41:01.853-03:00 DEBUG 11104 --- [           main] org.hibernate.type.BasicTypeRegistry     : Adding type registration double -> org.hibernate.type.BasicTypeReference@289f15e9
2025-04-10T15:41:01.853-03:00 DEBUG 11104 --- [           main] org.hibernate.type.BasicTypeRegistry     : Adding type registration java.lang.Double -> org.hibernate.type.BasicTypeReference@289f15e9
2025-04-10T15:41:01.853-03:00 DEBUG 11104 --- [           main] org.hibernate.type.BasicTypeRegistry     : Adding type registration big_integer -> org.hibernate.type.BasicTypeReference@7f22687e
2025-04-10T15:41:01.853-03:00 DEBUG 11104 --- [           main] org.hibernate.type.BasicTypeRegistry     : Adding type registration java.math.BigInteger -> org.hibernate.type.BasicTypeReference@7f22687e
2025-04-10T15:41:01.853-03:00 DEBUG 11104 --- [           main] org.hibernate.type.BasicTypeRegistry     : Adding type registration big_decimal -> org.hibernate.type.BasicTypeReference@6af87130
2025-04-10T15:41:01.853-03:00 DEBUG 11104 --- [           main] org.hibernate.type.BasicTypeRegistry     : Adding type registration java.math.BigDecimal -> org.hibernate.type.BasicTypeReference@6af87130
2025-04-10T15:41:01.853-03:00 DEBUG 11104 --- [           main] org.hibernate.type.BasicTypeRegistry     : Adding type registration character -> org.hibernate.type.BasicTypeReference@22a4ca4a
2025-04-10T15:41:01.853-03:00 DEBUG 11104 --- [           main] org.hibernate.type.BasicTypeRegistry     : Adding type registration char -> org.hibernate.type.BasicTypeReference@22a4ca4a
2025-04-10T15:41:01.853-03:00 DEBUG 11104 --- [           main] org.hibernate.type.BasicTypeRegistry     : Adding type registration java.lang.Character -> org.hibernate.type.BasicTypeReference@22a4ca4a
2025-04-10T15:41:01.853-03:00 DEBUG 11104 --- [           main] org.hibernate.type.BasicTypeRegistry     : Adding type registration character_nchar -> org.hibernate.type.BasicTypeReference@72c4a3aa
2025-04-10T15:41:01.853-03:00 DEBUG 11104 --- [           main] org.hibernate.type.BasicTypeRegistry     : Adding type registration string -> org.hibernate.type.BasicTypeReference@1e495414
2025-04-10T15:41:01.853-03:00 DEBUG 11104 --- [           main] org.hibernate.type.BasicTypeRegistry     : Adding type registration java.lang.String -> org.hibernate.type.BasicTypeReference@1e495414
2025-04-10T15:41:01.853-03:00 DEBUG 11104 --- [           main] org.hibernate.type.BasicTypeRegistry     : Adding type registration nstring -> org.hibernate.type.BasicTypeReference@3711c71c
2025-04-10T15:41:01.853-03:00 DEBUG 11104 --- [           main] org.hibernate.type.BasicTypeRegistry     : Adding type registration characters -> org.hibernate.type.BasicTypeReference@33e3bd2e
2025-04-10T15:41:01.853-03:00 DEBUG 11104 --- [           main] org.hibernate.type.BasicTypeRegistry     : Adding type registration char[] -> org.hibernate.type.BasicTypeReference@33e3bd2e
2025-04-10T15:41:01.853-03:00 DEBUG 11104 --- [           main] org.hibernate.type.BasicTypeRegistry     : Adding type registration [C -> org.hibernate.type.BasicTypeReference@33e3bd2e
2025-04-10T15:41:01.853-03:00 DEBUG 11104 --- [           main] org.hibernate.type.BasicTypeRegistry     : Adding type registration wrapper-characters -> org.hibernate.type.BasicTypeReference@646d810b
2025-04-10T15:41:01.853-03:00 DEBUG 11104 --- [           main] org.hibernate.type.BasicTypeRegistry     : Adding type registration text -> org.hibernate.type.BasicTypeReference@30508066
2025-04-10T15:41:01.853-03:00 DEBUG 11104 --- [           main] org.hibernate.type.BasicTypeRegistry     : Adding type registration ntext -> org.hibernate.type.BasicTypeReference@9408857
2025-04-10T15:41:01.853-03:00 DEBUG 11104 --- [           main] org.hibernate.type.BasicTypeRegistry     : Adding type registration clob -> org.hibernate.type.BasicTypeReference@27e44e9c
2025-04-10T15:41:01.853-03:00 DEBUG 11104 --- [           main] org.hibernate.type.BasicTypeRegistry     : Adding type registration java.sql.Clob -> org.hibernate.type.BasicTypeReference@27e44e9c
2025-04-10T15:41:01.853-03:00 DEBUG 11104 --- [           main] org.hibernate.type.BasicTypeRegistry     : Adding type registration nclob -> org.hibernate.type.BasicTypeReference@2f09e6b2
2025-04-10T15:41:01.853-03:00 DEBUG 11104 --- [           main] org.hibernate.type.BasicTypeRegistry     : Adding type registration java.sql.NClob -> org.hibernate.type.BasicTypeReference@2f09e6b2
2025-04-10T15:41:01.853-03:00 DEBUG 11104 --- [           main] org.hibernate.type.BasicTypeRegistry     : Adding type registration materialized_clob -> org.hibernate.type.BasicTypeReference@1bee0085
2025-04-10T15:41:01.853-03:00 DEBUG 11104 --- [           main] org.hibernate.type.BasicTypeRegistry     : Adding type registration materialized_clob_char_array -> org.hibernate.type.BasicTypeReference@16e1219f
2025-04-10T15:41:01.853-03:00 DEBUG 11104 --- [           main] org.hibernate.type.BasicTypeRegistry     : Adding type registration materialized_clob_character_array -> org.hibernate.type.BasicTypeReference@13f40d71
2025-04-10T15:41:01.869-03:00 DEBUG 11104 --- [           main] org.hibernate.type.BasicTypeRegistry     : Adding type registration materialized_nclob -> org.hibernate.type.BasicTypeReference@73a845cb
2025-04-10T15:41:01.869-03:00 DEBUG 11104 --- [           main] org.hibernate.type.BasicTypeRegistry     : Adding type registration materialized_nclob_character_array -> org.hibernate.type.BasicTypeReference@18a98913
2025-04-10T15:41:01.869-03:00 DEBUG 11104 --- [           main] org.hibernate.type.BasicTypeRegistry     : Adding type registration materialized_nclob_char_array -> org.hibernate.type.BasicTypeReference@7dbae40
2025-04-10T15:41:01.869-03:00 DEBUG 11104 --- [           main] org.hibernate.type.BasicTypeRegistry     : Adding type registration Duration -> org.hibernate.type.BasicTypeReference@34f7b44f
2025-04-10T15:41:01.869-03:00 DEBUG 11104 --- [           main] org.hibernate.type.BasicTypeRegistry     : Adding type registration java.time.Duration -> org.hibernate.type.BasicTypeReference@34f7b44f
2025-04-10T15:41:01.869-03:00 DEBUG 11104 --- [           main] org.hibernate.type.BasicTypeRegistry     : Adding type registration LocalDateTime -> org.hibernate.type.BasicTypeReference@5403907
2025-04-10T15:41:01.869-03:00 DEBUG 11104 --- [           main] org.hibernate.type.BasicTypeRegistry     : Adding type registration java.time.LocalDateTime -> org.hibernate.type.BasicTypeReference@5403907
2025-04-10T15:41:01.869-03:00 DEBUG 11104 --- [           main] org.hibernate.type.BasicTypeRegistry     : Adding type registration LocalDate -> org.hibernate.type.BasicTypeReference@5175d9ad
2025-04-10T15:41:01.869-03:00 DEBUG 11104 --- [           main] org.hibernate.type.BasicTypeRegistry     : Adding type registration java.time.LocalDate -> org.hibernate.type.BasicTypeReference@5175d9ad
2025-04-10T15:41:01.869-03:00 DEBUG 11104 --- [           main] org.hibernate.type.BasicTypeRegistry     : Adding type registration LocalTime -> org.hibernate.type.BasicTypeReference@b06d46d
2025-04-10T15:41:01.869-03:00 DEBUG 11104 --- [           main] org.hibernate.type.BasicTypeRegistry     : Adding type registration java.time.LocalTime -> org.hibernate.type.BasicTypeReference@b06d46d
2025-04-10T15:41:01.869-03:00 DEBUG 11104 --- [           main] org.hibernate.type.BasicTypeRegistry     : Adding type registration OffsetDateTime -> org.hibernate.type.BasicTypeReference@25a5c8e
2025-04-10T15:41:01.869-03:00 DEBUG 11104 --- [           main] org.hibernate.type.BasicTypeRegistry     : Adding type registration java.time.OffsetDateTime -> org.hibernate.type.BasicTypeReference@25a5c8e
2025-04-10T15:41:01.869-03:00 DEBUG 11104 --- [           main] org.hibernate.type.BasicTypeRegistry     : Adding type registration OffsetDateTimeWithTimezone -> org.hibernate.type.BasicTypeReference@656c5c3
2025-04-10T15:41:01.869-03:00 DEBUG 11104 --- [           main] org.hibernate.type.BasicTypeRegistry     : Adding type registration OffsetDateTimeWithoutTimezone -> org.hibernate.type.BasicTypeReference@7911cc15
2025-04-10T15:41:01.869-03:00 DEBUG 11104 --- [           main] org.hibernate.type.BasicTypeRegistry     : Adding type registration OffsetTime -> org.hibernate.type.BasicTypeReference@4409cae6
2025-04-10T15:41:01.869-03:00 DEBUG 11104 --- [           main] org.hibernate.type.BasicTypeRegistry     : Adding type registration java.time.OffsetTime -> org.hibernate.type.BasicTypeReference@4409cae6
2025-04-10T15:41:01.869-03:00 DEBUG 11104 --- [           main] org.hibernate.type.BasicTypeRegistry     : Adding type registration OffsetTimeUtc -> org.hibernate.type.BasicTypeReference@14e750c5
2025-04-10T15:41:01.869-03:00 DEBUG 11104 --- [           main] org.hibernate.type.BasicTypeRegistry     : Adding type registration OffsetTimeWithTimezone -> org.hibernate.type.BasicTypeReference@242ff747
2025-04-10T15:41:01.869-03:00 DEBUG 11104 --- [           main] org.hibernate.type.BasicTypeRegistry     : Adding type registration OffsetTimeWithoutTimezone -> org.hibernate.type.BasicTypeReference@5329f6b3
2025-04-10T15:41:01.869-03:00 DEBUG 11104 --- [           main] org.hibernate.type.BasicTypeRegistry     : Adding type registration ZonedDateTime -> org.hibernate.type.BasicTypeReference@597d48ca
2025-04-10T15:41:01.869-03:00 DEBUG 11104 --- [           main] org.hibernate.type.BasicTypeRegistry     : Adding type registration java.time.ZonedDateTime -> org.hibernate.type.BasicTypeReference@597d48ca
2025-04-10T15:41:01.869-03:00 DEBUG 11104 --- [           main] org.hibernate.type.BasicTypeRegistry     : Adding type registration ZonedDateTimeWithTimezone -> org.hibernate.type.BasicTypeReference@77324a58
2025-04-10T15:41:01.869-03:00 DEBUG 11104 --- [           main] org.hibernate.type.BasicTypeRegistry     : Adding type registration ZonedDateTimeWithoutTimezone -> org.hibernate.type.BasicTypeReference@2c7c0e36
2025-04-10T15:41:01.869-03:00 DEBUG 11104 --- [           main] org.hibernate.type.BasicTypeRegistry     : Adding type registration date -> org.hibernate.type.BasicTypeReference@307cf964
2025-04-10T15:41:01.869-03:00 DEBUG 11104 --- [           main] org.hibernate.type.BasicTypeRegistry     : Adding type registration java.sql.Date -> org.hibernate.type.BasicTypeReference@307cf964
2025-04-10T15:41:01.869-03:00 DEBUG 11104 --- [           main] org.hibernate.type.BasicTypeRegistry     : Adding type registration time -> org.hibernate.type.BasicTypeReference@374ccb9
2025-04-10T15:41:01.869-03:00 DEBUG 11104 --- [           main] org.hibernate.type.BasicTypeRegistry     : Adding type registration java.sql.Time -> org.hibernate.type.BasicTypeReference@374ccb9
2025-04-10T15:41:01.869-03:00 DEBUG 11104 --- [           main] org.hibernate.type.BasicTypeRegistry     : Adding type registration timestamp -> org.hibernate.type.BasicTypeReference@66713605
2025-04-10T15:41:01.869-03:00 DEBUG 11104 --- [           main] org.hibernate.type.BasicTypeRegistry     : Adding type registration java.sql.Timestamp -> org.hibernate.type.BasicTypeReference@66713605
2025-04-10T15:41:01.869-03:00 DEBUG 11104 --- [           main] org.hibernate.type.BasicTypeRegistry     : Adding type registration java.util.Date -> org.hibernate.type.BasicTypeReference@66713605
2025-04-10T15:41:01.869-03:00 DEBUG 11104 --- [           main] org.hibernate.type.BasicTypeRegistry     : Adding type registration calendar -> org.hibernate.type.BasicTypeReference@2ab09943
2025-04-10T15:41:01.869-03:00 DEBUG 11104 --- [           main] org.hibernate.type.BasicTypeRegistry     : Adding type registration java.util.Calendar -> org.hibernate.type.BasicTypeReference@2ab09943
2025-04-10T15:41:01.869-03:00 DEBUG 11104 --- [           main] org.hibernate.type.BasicTypeRegistry     : Adding type registration java.util.GregorianCalendar -> org.hibernate.type.BasicTypeReference@2ab09943
2025-04-10T15:41:01.884-03:00 DEBUG 11104 --- [           main] org.hibernate.type.BasicTypeRegistry     : Adding type registration calendar_date -> org.hibernate.type.BasicTypeReference@7d50f2a8
2025-04-10T15:41:01.884-03:00 DEBUG 11104 --- [           main] org.hibernate.type.BasicTypeRegistry     : Adding type registration calendar_time -> org.hibernate.type.BasicTypeReference@37ca3ca8
2025-04-10T15:41:01.884-03:00 DEBUG 11104 --- [           main] org.hibernate.type.BasicTypeRegistry     : Adding type registration instant -> org.hibernate.type.BasicTypeReference@191ec193
2025-04-10T15:41:01.884-03:00 DEBUG 11104 --- [           main] org.hibernate.type.BasicTypeRegistry     : Adding type registration java.time.Instant -> org.hibernate.type.BasicTypeReference@191ec193
2025-04-10T15:41:01.884-03:00 DEBUG 11104 --- [           main] org.hibernate.type.BasicTypeRegistry     : Adding type registration uuid -> org.hibernate.type.BasicTypeReference@6321a5aa
2025-04-10T15:41:01.884-03:00 DEBUG 11104 --- [           main] org.hibernate.type.BasicTypeRegistry     : Adding type registration java.util.UUID -> org.hibernate.type.BasicTypeReference@6321a5aa
2025-04-10T15:41:01.884-03:00 DEBUG 11104 --- [           main] org.hibernate.type.BasicTypeRegistry     : Adding type registration pg-uuid -> org.hibernate.type.BasicTypeReference@6321a5aa
2025-04-10T15:41:01.884-03:00 DEBUG 11104 --- [           main] org.hibernate.type.BasicTypeRegistry     : Adding type registration uuid-binary -> org.hibernate.type.BasicTypeReference@1c7f9861
2025-04-10T15:41:01.884-03:00 DEBUG 11104 --- [           main] org.hibernate.type.BasicTypeRegistry     : Adding type registration uuid-char -> org.hibernate.type.BasicTypeReference@7a36c83a
2025-04-10T15:41:01.884-03:00 DEBUG 11104 --- [           main] org.hibernate.type.BasicTypeRegistry     : Adding type registration class -> org.hibernate.type.BasicTypeReference@154b8cb6
2025-04-10T15:41:01.884-03:00 DEBUG 11104 --- [           main] org.hibernate.type.BasicTypeRegistry     : Adding type registration java.lang.Class -> org.hibernate.type.BasicTypeReference@154b8cb6
2025-04-10T15:41:01.884-03:00 DEBUG 11104 --- [           main] org.hibernate.type.BasicTypeRegistry     : Adding type registration currency -> org.hibernate.type.BasicTypeReference@7b297740
2025-04-10T15:41:01.884-03:00 DEBUG 11104 --- [           main] org.hibernate.type.BasicTypeRegistry     : Adding type registration Currency -> org.hibernate.type.BasicTypeReference@7b297740
2025-04-10T15:41:01.884-03:00 DEBUG 11104 --- [           main] org.hibernate.type.BasicTypeRegistry     : Adding type registration java.util.Currency -> org.hibernate.type.BasicTypeReference@7b297740
2025-04-10T15:41:01.884-03:00 DEBUG 11104 --- [           main] org.hibernate.type.BasicTypeRegistry     : Adding type registration locale -> org.hibernate.type.BasicTypeReference@1b7554d4
2025-04-10T15:41:01.884-03:00 DEBUG 11104 --- [           main] org.hibernate.type.BasicTypeRegistry     : Adding type registration java.util.Locale -> org.hibernate.type.BasicTypeReference@1b7554d4
2025-04-10T15:41:01.884-03:00 DEBUG 11104 --- [           main] org.hibernate.type.BasicTypeRegistry     : Adding type registration serializable -> org.hibernate.type.BasicTypeReference@57ce2898
2025-04-10T15:41:01.884-03:00 DEBUG 11104 --- [           main] org.hibernate.type.BasicTypeRegistry     : Adding type registration java.io.Serializable -> org.hibernate.type.BasicTypeReference@57ce2898
2025-04-10T15:41:01.884-03:00 DEBUG 11104 --- [           main] org.hibernate.type.BasicTypeRegistry     : Adding type registration timezone -> org.hibernate.type.BasicTypeReference@1ea930eb
2025-04-10T15:41:01.884-03:00 DEBUG 11104 --- [           main] org.hibernate.type.BasicTypeRegistry     : Adding type registration java.util.TimeZone -> org.hibernate.type.BasicTypeReference@1ea930eb
2025-04-10T15:41:01.884-03:00 DEBUG 11104 --- [           main] org.hibernate.type.BasicTypeRegistry     : Adding type registration ZoneOffset -> org.hibernate.type.BasicTypeReference@2e0ad709
2025-04-10T15:41:01.884-03:00 DEBUG 11104 --- [           main] org.hibernate.type.BasicTypeRegistry     : Adding type registration java.time.ZoneOffset -> org.hibernate.type.BasicTypeReference@2e0ad709
2025-04-10T15:41:01.884-03:00 DEBUG 11104 --- [           main] org.hibernate.type.BasicTypeRegistry     : Adding type registration url -> org.hibernate.type.BasicTypeReference@1fe8f5e8
2025-04-10T15:41:01.884-03:00 DEBUG 11104 --- [           main] org.hibernate.type.BasicTypeRegistry     : Adding type registration java.net.URL -> org.hibernate.type.BasicTypeReference@1fe8f5e8
2025-04-10T15:41:01.884-03:00 DEBUG 11104 --- [           main] org.hibernate.type.BasicTypeRegistry     : Adding type registration vector -> org.hibernate.type.BasicTypeReference@39449465
2025-04-10T15:41:01.884-03:00 DEBUG 11104 --- [           main] org.hibernate.type.BasicTypeRegistry     : Adding type registration float_vector -> org.hibernate.type.BasicTypeReference@6e3dd5ce
2025-04-10T15:41:01.884-03:00 DEBUG 11104 --- [           main] org.hibernate.type.BasicTypeRegistry     : Adding type registration double_vector -> org.hibernate.type.BasicTypeReference@16f7f59f
2025-04-10T15:41:01.884-03:00 DEBUG 11104 --- [           main] org.hibernate.type.BasicTypeRegistry     : Adding type registration byte_vector -> org.hibernate.type.BasicTypeReference@4ee8051c
2025-04-10T15:41:01.884-03:00 DEBUG 11104 --- [           main] org.hibernate.type.BasicTypeRegistry     : Adding type registration row_version -> org.hibernate.type.BasicTypeReference@53125718
2025-04-10T15:41:01.884-03:00 DEBUG 11104 --- [           main] org.hibernate.type.BasicTypeRegistry     : Adding type registration object -> org.hibernate.type.JavaObjectType@1a2e563e
2025-04-10T15:41:01.884-03:00 DEBUG 11104 --- [           main] org.hibernate.type.BasicTypeRegistry     : Adding type registration java.lang.Object -> org.hibernate.type.JavaObjectType@1a2e563e
2025-04-10T15:41:01.884-03:00 DEBUG 11104 --- [           main] org.hibernate.type.BasicTypeRegistry     : Adding type registration null -> org.hibernate.type.NullType@6c07ad6b
2025-04-10T15:41:01.884-03:00 DEBUG 11104 --- [           main] org.hibernate.type.BasicTypeRegistry     : Adding type registration imm_date -> org.hibernate.type.BasicTypeReference@10ed037a
2025-04-10T15:41:01.884-03:00 DEBUG 11104 --- [           main] org.hibernate.type.BasicTypeRegistry     : Adding type registration imm_time -> org.hibernate.type.BasicTypeReference@76e4212
2025-04-10T15:41:01.884-03:00 DEBUG 11104 --- [           main] org.hibernate.type.BasicTypeRegistry     : Adding type registration imm_timestamp -> org.hibernate.type.BasicTypeReference@23121d14
2025-04-10T15:41:01.900-03:00 DEBUG 11104 --- [           main] org.hibernate.type.BasicTypeRegistry     : Adding type registration imm_calendar -> org.hibernate.type.BasicTypeReference@72af90e8
2025-04-10T15:41:01.900-03:00 DEBUG 11104 --- [           main] org.hibernate.type.BasicTypeRegistry     : Adding type registration imm_calendar_date -> org.hibernate.type.BasicTypeReference@aa1bb14
2025-04-10T15:41:01.900-03:00 DEBUG 11104 --- [           main] org.hibernate.type.BasicTypeRegistry     : Adding type registration imm_calendar_time -> org.hibernate.type.BasicTypeReference@7faa0680
2025-04-10T15:41:01.900-03:00 DEBUG 11104 --- [           main] org.hibernate.type.BasicTypeRegistry     : Adding type registration imm_binary -> org.hibernate.type.BasicTypeReference@4c635edc
2025-04-10T15:41:01.900-03:00 DEBUG 11104 --- [           main] org.hibernate.type.BasicTypeRegistry     : Adding type registration imm_serializable -> org.hibernate.type.BasicTypeReference@4245bf68
2025-04-10T15:41:01.900-03:00 DEBUG 11104 --- [           main] o.h.boot.internal.BootstrapContextImpl   : Injecting JPA temp ClassLoader [org.springframework.instrument.classloading.SimpleThrowawayClassLoader@50cbcca7] into BootstrapContext; was [null]
2025-04-10T15:41:01.900-03:00 DEBUG 11104 --- [           main] o.h.boot.internal.ClassLoaderAccessImpl  : ClassLoaderAccessImpl#injectTempClassLoader(org.springframework.instrument.classloading.SimpleThrowawayClassLoader@50cbcca7) [was null]
2025-04-10T15:41:01.900-03:00 DEBUG 11104 --- [           main] o.h.boot.internal.BootstrapContextImpl   : Injecting ScanEnvironment [org.hibernate.jpa.boot.internal.StandardJpaScanEnvironmentImpl@3404e5c4] into BootstrapContext; was [null]
2025-04-10T15:41:01.900-03:00 DEBUG 11104 --- [           main] o.h.boot.internal.BootstrapContextImpl   : Injecting ScanOptions [org.hibernate.boot.archive.scan.internal.StandardScanOptions@47569167] into BootstrapContext; was [org.hibernate.boot.archive.scan.internal.StandardScanOptions@42d9e8d2]
2025-04-10T15:41:01.932-03:00 DEBUG 11104 --- [           main] o.h.j.b.i.PersistenceUnitInfoDescriptor  : Pushing class transformers for PU named 'default' on loading classloader jdk.internal.loader.ClassLoaders$AppClassLoader@70dea4e
2025-04-10T15:41:02.621-03:00  INFO 11104 --- [           main] o.s.o.j.p.SpringPersistenceUnitInfo      : No LoadTimeWeaver setup: ignoring JPA class transformer
2025-04-10T15:41:02.621-03:00 DEBUG 11104 --- [           main] o.h.boot.internal.BootstrapContextImpl   : Injecting JPA temp ClassLoader [null] into BootstrapContext; was [org.springframework.instrument.classloading.SimpleThrowawayClassLoader@50cbcca7]
2025-04-10T15:41:02.621-03:00 DEBUG 11104 --- [           main] o.h.boot.internal.ClassLoaderAccessImpl  : ClassLoaderAccessImpl#injectTempClassLoader(null) [was org.springframework.instrument.classloading.SimpleThrowawayClassLoader@50cbcca7]
2025-04-10T15:41:02.696-03:00 DEBUG 11104 --- [           main] com.zaxxer.hikari.HikariConfig           : HikariPool-1 - configuration:
2025-04-10T15:41:02.707-03:00 DEBUG 11104 --- [           main] com.zaxxer.hikari.HikariConfig           : allowPoolSuspension.............false
2025-04-10T15:41:02.709-03:00 DEBUG 11104 --- [           main] com.zaxxer.hikari.HikariConfig           : autoCommit......................true
2025-04-10T15:41:02.709-03:00 DEBUG 11104 --- [           main] com.zaxxer.hikari.HikariConfig           : catalog.........................none
2025-04-10T15:41:02.710-03:00 DEBUG 11104 --- [           main] com.zaxxer.hikari.HikariConfig           : connectionInitSql...............none
2025-04-10T15:41:02.711-03:00 DEBUG 11104 --- [           main] com.zaxxer.hikari.HikariConfig           : connectionTestQuery.............none
2025-04-10T15:41:02.712-03:00 DEBUG 11104 --- [           main] com.zaxxer.hikari.HikariConfig           : connectionTimeout...............30000
2025-04-10T15:41:02.714-03:00 DEBUG 11104 --- [           main] com.zaxxer.hikari.HikariConfig           : dataSource......................none
2025-04-10T15:41:02.715-03:00 DEBUG 11104 --- [           main] com.zaxxer.hikari.HikariConfig           : dataSourceClassName.............none
2025-04-10T15:41:02.715-03:00 DEBUG 11104 --- [           main] com.zaxxer.hikari.HikariConfig           : dataSourceJNDI..................none
2025-04-10T15:41:02.716-03:00 DEBUG 11104 --- [           main] com.zaxxer.hikari.HikariConfig           : dataSourceProperties............{password=<masked>}
2025-04-10T15:41:02.716-03:00 DEBUG 11104 --- [           main] com.zaxxer.hikari.HikariConfig           : driverClassName................."org.postgresql.Driver"
2025-04-10T15:41:02.717-03:00 DEBUG 11104 --- [           main] com.zaxxer.hikari.HikariConfig           : exceptionOverrideClassName......none
2025-04-10T15:41:02.717-03:00 DEBUG 11104 --- [           main] com.zaxxer.hikari.HikariConfig           : healthCheckProperties...........{}
2025-04-10T15:41:02.717-03:00 DEBUG 11104 --- [           main] com.zaxxer.hikari.HikariConfig           : healthCheckRegistry.............none
2025-04-10T15:41:02.718-03:00 DEBUG 11104 --- [           main] com.zaxxer.hikari.HikariConfig           : idleTimeout.....................600000
2025-04-10T15:41:02.720-03:00 DEBUG 11104 --- [           main] com.zaxxer.hikari.HikariConfig           : initializationFailTimeout.......1
2025-04-10T15:41:02.724-03:00 DEBUG 11104 --- [           main] com.zaxxer.hikari.HikariConfig           : isolateInternalQueries..........false
2025-04-10T15:41:02.725-03:00 DEBUG 11104 --- [           main] com.zaxxer.hikari.HikariConfig           : jdbcUrl.........................jdbc:postgresql://dpg-cvs0fj2dbo4c73fr4r10-a.oregon-postgres.render.com:5432/dbmartina?sslmode=require
2025-04-10T15:41:02.725-03:00 DEBUG 11104 --- [           main] com.zaxxer.hikari.HikariConfig           : keepaliveTime...................0
2025-04-10T15:41:02.726-03:00 DEBUG 11104 --- [           main] com.zaxxer.hikari.HikariConfig           : leakDetectionThreshold..........0
2025-04-10T15:41:02.726-03:00 DEBUG 11104 --- [           main] com.zaxxer.hikari.HikariConfig           : maxLifetime.....................1800000
2025-04-10T15:41:02.726-03:00 DEBUG 11104 --- [           main] com.zaxxer.hikari.HikariConfig           : maximumPoolSize.................10
2025-04-10T15:41:02.726-03:00 DEBUG 11104 --- [           main] com.zaxxer.hikari.HikariConfig           : metricRegistry..................none
2025-04-10T15:41:02.727-03:00 DEBUG 11104 --- [           main] com.zaxxer.hikari.HikariConfig           : metricsTrackerFactory...........none
2025-04-10T15:41:02.727-03:00 DEBUG 11104 --- [           main] com.zaxxer.hikari.HikariConfig           : minimumIdle.....................10
2025-04-10T15:41:02.727-03:00 DEBUG 11104 --- [           main] com.zaxxer.hikari.HikariConfig           : password........................<masked>
2025-04-10T15:41:02.728-03:00 DEBUG 11104 --- [           main] com.zaxxer.hikari.HikariConfig           : poolName........................"HikariPool-1"
2025-04-10T15:41:02.728-03:00 DEBUG 11104 --- [           main] com.zaxxer.hikari.HikariConfig           : readOnly........................false
2025-04-10T15:41:02.729-03:00 DEBUG 11104 --- [           main] com.zaxxer.hikari.HikariConfig           : registerMbeans..................false
2025-04-10T15:41:02.729-03:00 DEBUG 11104 --- [           main] com.zaxxer.hikari.HikariConfig           : scheduledExecutor...............none
2025-04-10T15:41:02.729-03:00 DEBUG 11104 --- [           main] com.zaxxer.hikari.HikariConfig           : schema..........................none
2025-04-10T15:41:02.729-03:00 DEBUG 11104 --- [           main] com.zaxxer.hikari.HikariConfig           : threadFactory...................internal
2025-04-10T15:41:02.730-03:00 DEBUG 11104 --- [           main] com.zaxxer.hikari.HikariConfig           : transactionIsolation............default
2025-04-10T15:41:02.730-03:00 DEBUG 11104 --- [           main] com.zaxxer.hikari.HikariConfig           : username........................"render"
2025-04-10T15:41:02.730-03:00 DEBUG 11104 --- [           main] com.zaxxer.hikari.HikariConfig           : validationTimeout...............5000
2025-04-10T15:41:02.730-03:00  INFO 11104 --- [           main] com.zaxxer.hikari.HikariDataSource       : HikariPool-1 - Starting...
2025-04-10T15:41:02.757-03:00 DEBUG 11104 --- [           main] org.postgresql.Driver                    : Loading driver configuration via classloader jdk.internal.loader.ClassLoaders$AppClassLoader@70dea4e
2025-04-10T15:41:02.759-03:00 DEBUG 11104 --- [           main] org.postgresql.Driver                    : Connecting with URL: jdbc:postgresql://dpg-cvs0fj2dbo4c73fr4r10-a.oregon-postgres.render.com:5432/dbmartina?sslmode=require
2025-04-10T15:41:02.776-03:00 DEBUG 11104 --- [           main] org.postgresql.jdbc.PgConnection         : PostgreSQL JDBC Driver 42.7.5
2025-04-10T15:41:02.791-03:00 DEBUG 11104 --- [           main] org.postgresql.jdbc.PgConnection         :   setDefaultFetchSize = 0
2025-04-10T15:41:02.791-03:00 DEBUG 11104 --- [           main] org.postgresql.jdbc.PgConnection         :   setPrepareThreshold = 5
2025-04-10T15:41:02.807-03:00 DEBUG 11104 --- [           main] o.p.core.v3.ConnectionFactoryImpl        : Trying to establish a protocol version 3 connection to dpg-cvs0fj2dbo4c73fr4r10-a.oregon-postgres.render.com:5432
2025-04-10T15:41:03.084-03:00 TRACE 11104 --- [           main] org.postgresql.core.Encoding             : Creating new Encoding UTF-8 with fastASCIINumbers true
2025-04-10T15:41:03.084-03:00 TRACE 11104 --- [           main] org.postgresql.core.Encoding             : Creating new Encoding UTF-8 with fastASCIINumbers true
2025-04-10T15:41:03.103-03:00 DEBUG 11104 --- [           main] o.p.core.v3.ConnectionFactoryImpl        : Receive Buffer Size is 65.536
2025-04-10T15:41:03.103-03:00 DEBUG 11104 --- [           main] o.p.core.v3.ConnectionFactoryImpl        : Send Buffer Size is 65.536
2025-04-10T15:41:03.105-03:00 TRACE 11104 --- [           main] o.p.core.v3.ConnectionFactoryImpl        :  FE=> SSLRequest postgres
2025-04-10T15:41:03.289-03:00 TRACE 11104 --- [           main] o.p.core.v3.ConnectionFactoryImpl        :  <=BE SSLOk
2025-04-10T15:41:03.296-03:00 DEBUG 11104 --- [           main] org.postgresql.ssl.MakeSSL               : converting regular socket connection to ssl
2025-04-10T15:41:03.953-03:00 TRACE 11104 --- [           main] o.p.core.v3.ConnectionFactoryImpl        :  FE=> StartupPacket(user=render, database=dbmartina, client_encoding=UTF8, DateStyle=ISO, TimeZone=America/Buenos_Aires)
2025-04-10T15:41:04.279-03:00 TRACE 11104 --- [           main] o.p.core.v3.ConnectionFactoryImpl        :  <=BE AuthenticationReqMD5(salt=13e1b6b3)
2025-04-10T15:41:04.285-03:00 TRACE 11104 --- [           main] o.p.core.v3.ConnectionFactoryImpl        :  FE=> Password(md5digest=md503128dfe217fffa45ccff2c71e04b8dd)
2025-04-10T15:41:04.493-03:00 TRACE 11104 --- [           main] o.p.core.v3.ConnectionFactoryImpl        :  <=BE AuthenticationOk
2025-04-10T15:41:04.580-03:00 TRACE 11104 --- [           main] o.postgresql.core.v3.QueryExecutorImpl   :  <=BE ParameterStatus(in_hot_standby = off)
2025-04-10T15:41:04.581-03:00 TRACE 11104 --- [           main] o.postgresql.core.v3.QueryExecutorImpl   :  <=BE ParameterStatus(integer_datetimes = on)
2025-04-10T15:41:04.581-03:00 TRACE 11104 --- [           main] o.postgresql.core.v3.QueryExecutorImpl   :  <=BE ParameterStatus(TimeZone = America/Buenos_Aires)
2025-04-10T15:41:04.581-03:00 TRACE 11104 --- [           main] o.postgresql.core.v3.QueryExecutorImpl   :  <=BE ParameterStatus(IntervalStyle = postgres)
2025-04-10T15:41:04.581-03:00 TRACE 11104 --- [           main] o.postgresql.core.v3.QueryExecutorImpl   :  <=BE ParameterStatus(is_superuser = off)
2025-04-10T15:41:04.581-03:00 TRACE 11104 --- [           main] o.postgresql.core.v3.QueryExecutorImpl   :  <=BE ParameterStatus(application_name = )
2025-04-10T15:41:04.581-03:00 TRACE 11104 --- [           main] o.postgresql.core.v3.QueryExecutorImpl   :  <=BE ParameterStatus(default_transaction_read_only = off)
2025-04-10T15:41:04.581-03:00 TRACE 11104 --- [           main] o.postgresql.core.v3.QueryExecutorImpl   :  <=BE ParameterStatus(scram_iterations = 4096)
2025-04-10T15:41:04.581-03:00 TRACE 11104 --- [           main] o.postgresql.core.v3.QueryExecutorImpl   :  <=BE ParameterStatus(DateStyle = ISO, MDY)
2025-04-10T15:41:04.581-03:00 TRACE 11104 --- [           main] o.postgresql.core.v3.QueryExecutorImpl   :  <=BE ParameterStatus(standard_conforming_strings = on)
2025-04-10T15:41:04.581-03:00 TRACE 11104 --- [           main] o.postgresql.core.v3.QueryExecutorImpl   :  <=BE ParameterStatus(session_authorization = render)
2025-04-10T15:41:04.581-03:00 TRACE 11104 --- [           main] o.postgresql.core.v3.QueryExecutorImpl   :  <=BE ParameterStatus(client_encoding = UTF8)
2025-04-10T15:41:04.581-03:00 TRACE 11104 --- [           main] o.postgresql.core.v3.QueryExecutorImpl   :  <=BE ParameterStatus(server_version = 16.8 (Debian 16.8-1.pgdg120+1))
2025-04-10T15:41:04.581-03:00 TRACE 11104 --- [           main] o.postgresql.core.v3.QueryExecutorImpl   :  <=BE ParameterStatus(server_encoding = UTF8)
2025-04-10T15:41:04.596-03:00 TRACE 11104 --- [           main] o.postgresql.core.v3.QueryExecutorImpl   :  <=BE BackendKeyData(pid=2.303,ckey=-1.528.945.856)
2025-04-10T15:41:04.596-03:00 TRACE 11104 --- [           main] o.postgresql.core.v3.QueryExecutorImpl   :  <=BE ReadyForQuery(I)
2025-04-10T15:41:04.596-03:00 TRACE 11104 --- [           main] o.postgresql.core.v3.QueryExecutorImpl   :   simple execute, handler=org.postgresql.core.SetupQueryRunner$SimpleResultHandler@51813065, maxRows=0, fetchSize=0, flags=1.047
2025-04-10T15:41:04.596-03:00 TRACE 11104 --- [           main] o.postgresql.core.v3.QueryExecutorImpl   :  FE=> Parse(stmt=null,query="SET extra_float_digits = 2",oids={})
2025-04-10T15:41:04.596-03:00 TRACE 11104 --- [           main] o.postgresql.core.v3.QueryExecutorImpl   :  FE=> Bind(stmt=null,portal=null)
2025-04-10T15:41:04.612-03:00 TRACE 11104 --- [           main] o.postgresql.core.v3.QueryExecutorImpl   :  FE=> Execute(portal=null,limit=1)
2025-04-10T15:41:04.612-03:00 TRACE 11104 --- [           main] o.postgresql.core.v3.QueryExecutorImpl   :  FE=> Sync
2025-04-10T15:41:04.803-03:00 TRACE 11104 --- [           main] o.postgresql.core.v3.QueryExecutorImpl   :  <=BE ParseComplete [null]
2025-04-10T15:41:04.804-03:00 TRACE 11104 --- [           main] o.postgresql.core.v3.QueryExecutorImpl   :  <=BE BindComplete [unnamed]
2025-04-10T15:41:04.804-03:00 TRACE 11104 --- [           main] o.postgresql.core.v3.QueryExecutorImpl   :  <=BE CommandStatus(SET)
2025-04-10T15:41:04.804-03:00 TRACE 11104 --- [           main] o.postgresql.core.v3.QueryExecutorImpl   :  <=BE ReadyForQuery(I)
2025-04-10T15:41:04.805-03:00 TRACE 11104 --- [           main] o.postgresql.core.v3.QueryExecutorImpl   :   simple execute, handler=org.postgresql.core.SetupQueryRunner$SimpleResultHandler@3a72e2e8, maxRows=0, fetchSize=0, flags=1.047
2025-04-10T15:41:04.805-03:00 TRACE 11104 --- [           main] o.postgresql.core.v3.QueryExecutorImpl   :  FE=> Parse(stmt=null,query="SET application_name = 'PostgreSQL JDBC Driver'",oids={})
2025-04-10T15:41:04.806-03:00 TRACE 11104 --- [           main] o.postgresql.core.v3.QueryExecutorImpl   :  FE=> Bind(stmt=null,portal=null)
2025-04-10T15:41:04.806-03:00 TRACE 11104 --- [           main] o.postgresql.core.v3.QueryExecutorImpl   :  FE=> Execute(portal=null,limit=1)
2025-04-10T15:41:04.806-03:00 TRACE 11104 --- [           main] o.postgresql.core.v3.QueryExecutorImpl   :  FE=> Sync
2025-04-10T15:41:04.999-03:00 TRACE 11104 --- [           main] o.postgresql.core.v3.QueryExecutorImpl   :  <=BE ParseComplete [null]
2025-04-10T15:41:04.999-03:00 TRACE 11104 --- [           main] o.postgresql.core.v3.QueryExecutorImpl   :  <=BE BindComplete [unnamed]
2025-04-10T15:41:04.999-03:00 TRACE 11104 --- [           main] o.postgresql.core.v3.QueryExecutorImpl   :  <=BE CommandStatus(SET)
2025-04-10T15:41:04.999-03:00 TRACE 11104 --- [           main] o.postgresql.core.v3.QueryExecutorImpl   :  <=BE ParameterStatus(application_name = PostgreSQL JDBC Driver)
2025-04-10T15:41:04.999-03:00 TRACE 11104 --- [           main] o.postgresql.core.v3.QueryExecutorImpl   :  <=BE ReadyForQuery(I)
2025-04-10T15:41:05.036-03:00 TRACE 11104 --- [           main] org.postgresql.jdbc.PgConnection         :     types using binary send = TIMESTAMPTZ,NUMERIC,OID_ARRAY,UUID,BYTEA_ARRAY,INT2_ARRAY,INT4_ARRAY,BYTEA,TEXT_ARRAY,TIMETZ,INT8,INT2,INT4,VARCHAR_ARRAY,INT8_ARRAY,POINT,TIMESTAMP,TIME,BOX,FLOAT4,FLOAT8,FLOAT4_ARRAY,FLOAT8_ARRAY
2025-04-10T15:41:05.037-03:00 TRACE 11104 --- [           main] org.postgresql.jdbc.PgConnection         :     types using binary receive = TIMESTAMPTZ,NUMERIC,OID_ARRAY,UUID,BYTEA_ARRAY,INT2_ARRAY,INT4_ARRAY,BYTEA,TEXT_ARRAY,TIMETZ,INT8,INT2,INT4,VARCHAR_ARRAY,INT8_ARRAY,POINT,DATE,TIMESTAMP,TIME,BOX,FLOAT4,FLOAT8,FLOAT4_ARRAY,FLOAT8_ARRAY
2025-04-10T15:41:05.038-03:00 TRACE 11104 --- [           main] org.postgresql.jdbc.PgConnection         :     integer date/time = true
2025-04-10T15:41:05.067-03:00 TRACE 11104 --- [           main] o.postgresql.core.v3.QueryExecutorImpl   :   simple execute, handler=org.postgresql.jdbc.PgStatement$StatementResultHandler@39dda56f, maxRows=0, fetchSize=0, flags=17
2025-04-10T15:41:05.067-03:00 TRACE 11104 --- [           main] o.postgresql.core.v3.QueryExecutorImpl   :  FE=> Parse(stmt=null,query="",oids={})
2025-04-10T15:41:05.067-03:00 TRACE 11104 --- [           main] o.postgresql.core.v3.QueryExecutorImpl   :  FE=> Bind(stmt=null,portal=null)
2025-04-10T15:41:05.067-03:00 TRACE 11104 --- [           main] o.postgresql.core.v3.QueryExecutorImpl   :  FE=> Describe(portal=null)
2025-04-10T15:41:05.068-03:00 TRACE 11104 --- [           main] o.postgresql.core.v3.QueryExecutorImpl   :  FE=> Execute(portal=null,limit=0)
2025-04-10T15:41:05.068-03:00 TRACE 11104 --- [           main] o.postgresql.core.v3.QueryExecutorImpl   :  FE=> Sync
2025-04-10T15:41:05.252-03:00 TRACE 11104 --- [           main] o.postgresql.core.v3.QueryExecutorImpl   :  <=BE ParseComplete [null]
2025-04-10T15:41:05.252-03:00 TRACE 11104 --- [           main] o.postgresql.core.v3.QueryExecutorImpl   :  <=BE BindComplete [unnamed]
2025-04-10T15:41:05.252-03:00 TRACE 11104 --- [           main] o.postgresql.core.v3.QueryExecutorImpl   :  <=BE NoData
2025-04-10T15:41:05.252-03:00 TRACE 11104 --- [           main] o.postgresql.core.v3.QueryExecutorImpl   :  <=BE EmptyQuery
2025-04-10T15:41:05.253-03:00 TRACE 11104 --- [           main] o.postgresql.core.v3.QueryExecutorImpl   :  <=BE ReadyForQuery(I)
2025-04-10T15:41:05.253-03:00 TRACE 11104 --- [           main] o.postgresql.core.v3.QueryExecutorImpl   :   simple execute, handler=org.postgresql.jdbc.PgStatement$StatementResultHandler@2ee456c7, maxRows=0, fetchSize=0, flags=17
2025-04-10T15:41:05.253-03:00 TRACE 11104 --- [           main] o.postgresql.core.v3.QueryExecutorImpl   :  FE=> Parse(stmt=null,query="SHOW TRANSACTION ISOLATION LEVEL",oids={})
2025-04-10T15:41:05.254-03:00 TRACE 11104 --- [           main] o.postgresql.core.v3.QueryExecutorImpl   :  FE=> Bind(stmt=null,portal=null)
2025-04-10T15:41:05.254-03:00 TRACE 11104 --- [           main] o.postgresql.core.v3.QueryExecutorImpl   :  FE=> Describe(portal=null)
2025-04-10T15:41:05.254-03:00 TRACE 11104 --- [           main] o.postgresql.core.v3.QueryExecutorImpl   :  FE=> Execute(portal=null,limit=0)
2025-04-10T15:41:05.254-03:00 TRACE 11104 --- [           main] o.postgresql.core.v3.QueryExecutorImpl   :  FE=> Sync
2025-04-10T15:41:05.441-03:00 TRACE 11104 --- [           main] o.postgresql.core.v3.QueryExecutorImpl   :  <=BE ParseComplete [null]
2025-04-10T15:41:05.442-03:00 TRACE 11104 --- [           main] o.postgresql.core.v3.QueryExecutorImpl   :  <=BE BindComplete [unnamed]
2025-04-10T15:41:05.442-03:00 TRACE 11104 --- [           main] o.postgresql.core.v3.QueryExecutorImpl   :  <=BE RowDescription(1)
2025-04-10T15:41:05.443-03:00 TRACE 11104 --- [           main] o.postgresql.core.v3.QueryExecutorImpl   :         Field(transaction_isolation,TEXT,65535,T)
2025-04-10T15:41:05.444-03:00 TRACE 11104 --- [           main] o.postgresql.core.v3.QueryExecutorImpl   :  <=BE DataRow(len=14)
2025-04-10T15:41:05.445-03:00 TRACE 11104 --- [           main] o.postgresql.core.v3.QueryExecutorImpl   :  <=BE CommandStatus(SHOW)
2025-04-10T15:41:05.454-03:00 TRACE 11104 --- [           main] o.postgresql.core.v3.QueryExecutorImpl   :  <=BE ReadyForQuery(I)
2025-04-10T15:41:05.454-03:00 TRACE 11104 --- [           main] org.postgresql.jdbc.PgConnection         :   getString columnIndex: 1
2025-04-10T15:41:05.456-03:00  INFO 11104 --- [           main] com.zaxxer.hikari.pool.HikariPool        : HikariPool-1 - Added connection org.postgresql.jdbc.PgConnection@6b030101
2025-04-10T15:41:05.458-03:00  INFO 11104 --- [           main] com.zaxxer.hikari.HikariDataSource       : HikariPool-1 - Start completed.
2025-04-10T15:41:05.469-03:00 DEBUG 11104 --- [           main] o.h.e.j.e.i.JdbcEnvironmentInitiator     : Database ->
	   name : PostgreSQL
	version : 16.8 (Debian 16.8-1.pgdg120+1)
	  major : 16
	  minor : 8
2025-04-10T15:41:05.470-03:00 DEBUG 11104 --- [           main] o.h.e.j.e.i.JdbcEnvironmentInitiator     : Driver ->
	   name : PostgreSQL JDBC Driver
	version : 42.7.5
	  major : 42
	  minor : 7
2025-04-10T15:41:05.470-03:00 DEBUG 11104 --- [           main] o.h.e.j.e.i.JdbcEnvironmentInitiator     : JDBC version : 4.2
2025-04-10T15:41:05.473-03:00 TRACE 11104 --- [           main] o.postgresql.core.v3.QueryExecutorImpl   :   simple execute, handler=org.postgresql.jdbc.PgStatement$StatementResultHandler@2beee3e8, maxRows=0, fetchSize=0, flags=17
2025-04-10T15:41:05.473-03:00 TRACE 11104 --- [           main] o.postgresql.core.v3.QueryExecutorImpl   :  FE=> Parse(stmt=null,query="select string_agg(word, ',') from pg_catalog.pg_get_keywords() where word <> ALL ('{a,abs,absolute,action,ada,add,admin,after,all,allocate,alter,always,and,any,are,array,as,asc,asensitive,assertion,assignment,asymmetric,at,atomic,attribute,attributes,authorization,avg,before,begin,bernoulli,between,bigint,binary,blob,boolean,both,breadth,by,c,call,called,cardinality,cascade,cascaded,case,cast,catalog,catalog_name,ceil,ceiling,chain,char,char_length,character,character_length,character_set_catalog,character_set_name,character_set_schema,characteristics,characters,check,checked,class_origin,clob,close,coalesce,cobol,code_units,collate,collation,collation_catalog,collation_name,collation_schema,collect,column,column_name,command_function,command_function_code,commit,committed,condition,condition_number,connect,connection_name,constraint,constraint_catalog,constraint_name,constraint_schema,constraints,constructors,contains,continue,convert,corr,corresponding,count,covar_pop,covar_samp,create,cross,cube,cume_dist,current,current_collation,current_date,current_default_transform_group,current_path,current_role,current_time,current_timestamp,current_transform_group_for_type,current_user,cursor,cursor_name,cycle,data,date,datetime_interval_code,datetime_interval_precision,day,deallocate,dec,decimal,declare,default,defaults,deferrable,deferred,defined,definer,degree,delete,dense_rank,depth,deref,derived,desc,describe,descriptor,deterministic,diagnostics,disconnect,dispatch,distinct,domain,double,drop,dynamic,dynamic_function,dynamic_function_code,each,element,else,end,end-exec,equals,escape,every,except,exception,exclude,excluding,exec,execute,exists,exp,external,extract,false,fetch,filter,final,first,float,floor,following,for,foreign,fortran,found,free,from,full,function,fusion,g,general,get,global,go,goto,grant,granted,group,grouping,having,hierarchy,hold,hour,identity,immediate,implementation,in,including,increment,indicator,initially,inner,inout,input,insensitive,insert,instance,instantiable,int,integer,intersect,intersection,interval,into,invoker,is,isolation,join,k,key,key_member,key_type,language,large,last,lateral,leading,left,length,level,like,ln,local,localtime,localtimestamp,locator,lower,m,map,match,matched,max,maxvalue,member,merge,message_length,message_octet_length,message_text,method,min,minute,minvalue,mod,modifies,module,month,more,multiset,mumps,name,names,national,natural,nchar,nclob,nesting,new,next,no,none,normalize,normalized,not,"null",nullable,nullif,nulls,number,numeric,object,octet_length,octets,of,old,on,only,open,option,options,or,order,ordering,ordinality,others,out,outer,output,over,overlaps,overlay,overriding,pad,parameter,parameter_mode,parameter_name,parameter_ordinal_position,parameter_specific_catalog,parameter_specific_name,parameter_specific_schema,partial,partition,pascal,path,percent_rank,percentile_cont,percentile_disc,placing,pli,position,power,preceding,precision,prepare,preserve,primary,prior,privileges,procedure,public,range,rank,read,reads,real,recursive,ref,references,referencing,regr_avgx,regr_avgy,regr_count,regr_intercept,regr_r2,regr_slope,regr_sxx,regr_sxy,regr_syy,relative,release,repeatable,restart,result,return,returned_cardinality,returned_length,returned_octet_length,returned_sqlstate,returns,revoke,right,role,rollback,rollup,routine,routine_catalog,routine_name,routine_schema,row,row_count,row_number,rows,savepoint,scale,schema,schema_name,scope_catalog,scope_name,scope_schema,scroll,search,second,section,security,select,self,sensitive,sequence,serializable,server_name,session,session_user,set,sets,similar,simple,size,smallint,some,source,space,specific,specific_name,specifictype,sql,sqlexception,sqlstate,sqlwarning,sqrt,start,state,statement,static,stddev_pop,stddev_samp,structure,style,subclass_origin,submultiset,substring,sum,symmetric,system,system_user,table,table_name,tablesample,temporary,then,ties,time,timestamp,timezone_hour,timezone_minute,to,top_level_count,trailing,transaction,transaction_active,transactions_committed,transactions_rolled_back,transform,transforms,translate,translation,treat,trigger,trigger_catalog,trigger_name,trigger_schema,trim,true,type,uescape,unbounded,uncommitted,under,union,unique,unknown,unnamed,unnest,update,upper,usage,user,user_defined_type_catalog,user_defined_type_code,user_defined_type_name,user_defined_type_schema,using,value,values,var_pop,var_samp,varchar,varying,view,when,whenever,where,width_bucket,window,with,within,without,work,write,year,zone}'::text[])",oids={})
2025-04-10T15:41:05.474-03:00 TRACE 11104 --- [           main] o.postgresql.core.v3.QueryExecutorImpl   :  FE=> Bind(stmt=null,portal=null)
2025-04-10T15:41:05.474-03:00 TRACE 11104 --- [           main] o.postgresql.core.v3.QueryExecutorImpl   :  FE=> Describe(portal=null)
2025-04-10T15:41:05.474-03:00 TRACE 11104 --- [           main] o.postgresql.core.v3.QueryExecutorImpl   :  FE=> Execute(portal=null,limit=0)
2025-04-10T15:41:05.475-03:00 TRACE 11104 --- [           main] o.postgresql.core.v3.QueryExecutorImpl   :  FE=> Sync
2025-04-10T15:41:05.572-03:00 DEBUG 11104 --- [l-1 housekeeper] com.zaxxer.hikari.pool.HikariPool        : HikariPool-1 - Pool stats (total=1, active=1, idle=0, waiting=0)
2025-04-10T15:41:05.573-03:00 DEBUG 11104 --- [onnection adder] org.postgresql.Driver                    : Connecting with URL: jdbc:postgresql://dpg-cvs0fj2dbo4c73fr4r10-a.oregon-postgres.render.com:5432/dbmartina?sslmode=require
2025-04-10T15:41:05.573-03:00 DEBUG 11104 --- [onnection adder] org.postgresql.jdbc.PgConnection         : PostgreSQL JDBC Driver 42.7.5
2025-04-10T15:41:05.573-03:00 DEBUG 11104 --- [onnection adder] org.postgresql.jdbc.PgConnection         :   setDefaultFetchSize = 0
2025-04-10T15:41:05.573-03:00 DEBUG 11104 --- [onnection adder] org.postgresql.jdbc.PgConnection         :   setPrepareThreshold = 5
2025-04-10T15:41:05.573-03:00 DEBUG 11104 --- [onnection adder] o.p.core.v3.ConnectionFactoryImpl        : Trying to establish a protocol version 3 connection to dpg-cvs0fj2dbo4c73fr4r10-a.oregon-postgres.render.com:5432
2025-04-10T15:41:05.665-03:00 TRACE 11104 --- [           main] o.postgresql.core.v3.QueryExecutorImpl   :  <=BE ParseComplete [null]
2025-04-10T15:41:05.666-03:00 TRACE 11104 --- [           main] o.postgresql.core.v3.QueryExecutorImpl   :  <=BE BindComplete [unnamed]
2025-04-10T15:41:05.666-03:00 TRACE 11104 --- [           main] o.postgresql.core.v3.QueryExecutorImpl   :  <=BE RowDescription(1)
2025-04-10T15:41:05.667-03:00 TRACE 11104 --- [           main] o.postgresql.core.v3.QueryExecutorImpl   :         Field(string_agg,TEXT,65535,T)
2025-04-10T15:41:05.667-03:00 TRACE 11104 --- [           main] o.postgresql.core.v3.QueryExecutorImpl   :  <=BE DataRow(len=1.520)
2025-04-10T15:41:05.667-03:00 TRACE 11104 --- [           main] o.postgresql.core.v3.QueryExecutorImpl   :  <=BE CommandStatus(SELECT 1)
2025-04-10T15:41:05.667-03:00 TRACE 11104 --- [           main] o.postgresql.core.v3.QueryExecutorImpl   :  <=BE ReadyForQuery(I)
2025-04-10T15:41:05.668-03:00 TRACE 11104 --- [           main] org.postgresql.jdbc.PgConnection         :   getString columnIndex: 1
2025-04-10T15:41:05.706-03:00  WARN 11104 --- [           main] org.hibernate.orm.deprecation            : HHH90000025: PostgreSQLDialect does not need to be specified explicitly using 'hibernate.dialect' (remove the property setting and it will be selected by default)
2025-04-10T15:41:05.711-03:00 DEBUG 11104 --- [           main] org.hibernate.orm.dialect                : HHH035001: Using dialect: org.hibernate.dialect.PostgreSQLDialect, version: 16.8
2025-04-10T15:41:05.711-03:00 DEBUG 11104 --- [           main] o.h.e.j.env.spi.IdentifierHelperBuilder  : JDBC driver metadata reported database stores quoted identifiers in neither upper, lower nor mixed case
2025-04-10T15:41:05.726-03:00 TRACE 11104 --- [           main] o.postgresql.core.v3.QueryExecutorImpl   :   simple execute, handler=org.postgresql.jdbc.PgStatement$StatementResultHandler@5f3ddc86, maxRows=0, fetchSize=0, flags=17
2025-04-10T15:41:05.726-03:00 TRACE 11104 --- [           main] o.postgresql.core.v3.QueryExecutorImpl   :  FE=> Parse(stmt=null,query="select current_schema()",oids={})
2025-04-10T15:41:05.726-03:00 TRACE 11104 --- [           main] o.postgresql.core.v3.QueryExecutorImpl   :  FE=> Bind(stmt=null,portal=null)
2025-04-10T15:41:05.726-03:00 TRACE 11104 --- [           main] o.postgresql.core.v3.QueryExecutorImpl   :  FE=> Describe(portal=null)
2025-04-10T15:41:05.726-03:00 TRACE 11104 --- [           main] o.postgresql.core.v3.QueryExecutorImpl   :  FE=> Execute(portal=null,limit=0)
2025-04-10T15:41:05.726-03:00 TRACE 11104 --- [           main] o.postgresql.core.v3.QueryExecutorImpl   :  FE=> Sync
2025-04-10T15:41:05.748-03:00 DEBUG 11104 --- [onnection adder] o.p.core.v3.ConnectionFactoryImpl        : Receive Buffer Size is 65.536
2025-04-10T15:41:05.748-03:00 DEBUG 11104 --- [onnection adder] o.p.core.v3.ConnectionFactoryImpl        : Send Buffer Size is 65.536
2025-04-10T15:41:05.748-03:00 TRACE 11104 --- [onnection adder] o.p.core.v3.ConnectionFactoryImpl        :  FE=> SSLRequest postgres
2025-04-10T15:41:05.922-03:00 TRACE 11104 --- [           main] o.postgresql.core.v3.QueryExecutorImpl   :  <=BE ParseComplete [null]
2025-04-10T15:41:05.922-03:00 TRACE 11104 --- [           main] o.postgresql.core.v3.QueryExecutorImpl   :  <=BE BindComplete [unnamed]
2025-04-10T15:41:05.922-03:00 TRACE 11104 --- [           main] o.postgresql.core.v3.QueryExecutorImpl   :  <=BE RowDescription(1)
2025-04-10T15:41:05.922-03:00 TRACE 11104 --- [           main] o.postgresql.core.v3.QueryExecutorImpl   :         Field(current_schema,NAME,64,T)
2025-04-10T15:41:05.922-03:00 TRACE 11104 --- [           main] o.postgresql.core.v3.QueryExecutorImpl   :  <=BE DataRow(len=6)
2025-04-10T15:41:05.922-03:00 TRACE 11104 --- [           main] o.postgresql.core.v3.QueryExecutorImpl   :  <=BE CommandStatus(SELECT 1)
2025-04-10T15:41:05.922-03:00 TRACE 11104 --- [           main] o.postgresql.core.v3.QueryExecutorImpl   :  <=BE ReadyForQuery(I)
2025-04-10T15:41:05.922-03:00 TRACE 11104 --- [           main] org.postgresql.jdbc.PgConnection         :   getString columnIndex: 1
2025-04-10T15:41:05.922-03:00 TRACE 11104 --- [           main] o.postgresql.core.v3.QueryExecutorImpl   :   simple execute, handler=org.postgresql.jdbc.PgStatement$StatementResultHandler@42e202d7, maxRows=0, fetchSize=0, flags=17
2025-04-10T15:41:05.922-03:00 TRACE 11104 --- [           main] o.postgresql.core.v3.QueryExecutorImpl   :  FE=> Parse(stmt=null,query="select current_schema()",oids={})
2025-04-10T15:41:05.922-03:00 TRACE 11104 --- [           main] o.postgresql.core.v3.QueryExecutorImpl   :  FE=> Bind(stmt=null,portal=null)
2025-04-10T15:41:05.922-03:00 TRACE 11104 --- [           main] o.postgresql.core.v3.QueryExecutorImpl   :  FE=> Describe(portal=null)
2025-04-10T15:41:05.922-03:00 TRACE 11104 --- [           main] o.postgresql.core.v3.QueryExecutorImpl   :  FE=> Execute(portal=null,limit=0)
2025-04-10T15:41:05.922-03:00 TRACE 11104 --- [           main] o.postgresql.core.v3.QueryExecutorImpl   :  FE=> Sync
2025-04-10T15:41:05.922-03:00 TRACE 11104 --- [onnection adder] o.p.core.v3.ConnectionFactoryImpl        :  <=BE SSLOk
2025-04-10T15:41:05.922-03:00 DEBUG 11104 --- [onnection adder] org.postgresql.ssl.MakeSSL               : converting regular socket connection to ssl
2025-04-10T15:41:06.117-03:00 TRACE 11104 --- [           main] o.postgresql.core.v3.QueryExecutorImpl   :  <=BE ParseComplete [null]
2025-04-10T15:41:06.117-03:00 TRACE 11104 --- [           main] o.postgresql.core.v3.QueryExecutorImpl   :  <=BE BindComplete [unnamed]
2025-04-10T15:41:06.118-03:00 TRACE 11104 --- [           main] o.postgresql.core.v3.QueryExecutorImpl   :  <=BE RowDescription(1)
2025-04-10T15:41:06.118-03:00 TRACE 11104 --- [           main] o.postgresql.core.v3.QueryExecutorImpl   :         Field(current_schema,NAME,64,T)
2025-04-10T15:41:06.119-03:00 TRACE 11104 --- [           main] o.postgresql.core.v3.QueryExecutorImpl   :  <=BE DataRow(len=6)
2025-04-10T15:41:06.119-03:00 TRACE 11104 --- [           main] o.postgresql.core.v3.QueryExecutorImpl   :  <=BE CommandStatus(SELECT 1)
2025-04-10T15:41:06.119-03:00 TRACE 11104 --- [           main] o.postgresql.core.v3.QueryExecutorImpl   :  <=BE ReadyForQuery(I)
2025-04-10T15:41:06.124-03:00 TRACE 11104 --- [           main] org.postgresql.jdbc.PgConnection         :   getString columnIndex: 1
2025-04-10T15:41:06.135-03:00 DEBUG 11104 --- [           main] org.hibernate.orm.jdbc.lob               : HHH10010004: Disabling contextual LOB creation as Dialect reported it is not supported
2025-04-10T15:41:06.181-03:00  INFO 11104 --- [           main] org.hibernate.orm.connections.pooling    : HHH10001005: Database info:
	Database JDBC URL [Connecting through datasource 'HikariDataSource (HikariPool-1)']
	Database driver: undefined/unknown
	Database version: 16.8
	Autocommit mode: undefined/unknown
	Isolation level: undefined/unknown
	Minimum pool size: undefined/unknown
	Maximum pool size: undefined/unknown
2025-04-10T15:41:06.203-03:00 TRACE 11104 --- [onnection adder] o.p.core.v3.ConnectionFactoryImpl        :  FE=> StartupPacket(user=render, database=dbmartina, client_encoding=UTF8, DateStyle=ISO, TimeZone=America/Buenos_Aires)
2025-04-10T15:41:06.221-03:00 DEBUG 11104 --- [           main] o.h.t.d.sql.spi.DdlTypeRegistry          : addDescriptor(2003, org.hibernate.type.descriptor.sql.internal.ArrayDdlTypeImpl@31880efa) replaced previous registration(org.hibernate.type.descriptor.sql.internal.ArrayDdlTypeImpl@79295932)
2025-04-10T15:41:06.221-03:00 DEBUG 11104 --- [           main] o.h.t.d.sql.spi.DdlTypeRegistry          : addDescriptor(6, org.hibernate.type.descriptor.sql.internal.CapacityDependentDdlType@2cadcff6) replaced previous registration(org.hibernate.type.descriptor.sql.internal.DdlTypeImpl@76e00bdb)
2025-04-10T15:41:06.225-03:00 DEBUG 11104 --- [           main] o.h.t.d.jdbc.spi.JdbcTypeRegistry        : addDescriptor(2004, BlobTypeDescriptor(BLOB_BINDING)) replaced previous registration(BlobTypeDescriptor(DEFAULT))
2025-04-10T15:41:06.225-03:00 DEBUG 11104 --- [           main] o.h.t.d.jdbc.spi.JdbcTypeRegistry        : addDescriptor(2005, ClobTypeDescriptor(CLOB_BINDING)) replaced previous registration(ClobTypeDescriptor(DEFAULT))
2025-04-10T15:41:06.239-03:00 DEBUG 11104 --- [           main] org.hibernate.type.BasicTypeRegistry     : Adding type registration JAVA_OBJECT -> org.hibernate.type.JavaObjectType@26aee0a6
2025-04-10T15:41:06.240-03:00 DEBUG 11104 --- [           main] org.hibernate.type.BasicTypeRegistry     : Adding type registration java.lang.Object -> org.hibernate.type.JavaObjectType@26aee0a6
2025-04-10T15:41:06.240-03:00 DEBUG 11104 --- [           main] org.hibernate.type.BasicTypeRegistry     : Type registration key [java.lang.Object] overrode previous entry : `org.hibernate.type.JavaObjectType@1a2e563e`
2025-04-10T15:41:06.247-03:00 DEBUG 11104 --- [           main] org.hibernate.type.BasicTypeRegistry     : Adding type registration org.hibernate.type.DurationType -> basicType@1(java.time.Duration,3015)
2025-04-10T15:41:06.247-03:00 DEBUG 11104 --- [           main] org.hibernate.type.BasicTypeRegistry     : Adding type registration Duration -> basicType@1(java.time.Duration,3015)
2025-04-10T15:41:06.248-03:00 DEBUG 11104 --- [           main] org.hibernate.type.BasicTypeRegistry     : Adding type registration java.time.Duration -> basicType@1(java.time.Duration,3015)
2025-04-10T15:41:06.253-03:00 DEBUG 11104 --- [           main] org.hibernate.type.BasicTypeRegistry     : Adding type registration org.hibernate.type.OffsetDateTimeType -> basicType@2(java.time.OffsetDateTime,3003)
2025-04-10T15:41:06.253-03:00 DEBUG 11104 --- [           main] org.hibernate.type.BasicTypeRegistry     : Adding type registration OffsetDateTime -> basicType@2(java.time.OffsetDateTime,3003)
2025-04-10T15:41:06.253-03:00 DEBUG 11104 --- [           main] org.hibernate.type.BasicTypeRegistry     : Adding type registration java.time.OffsetDateTime -> basicType@2(java.time.OffsetDateTime,3003)
2025-04-10T15:41:06.253-03:00 DEBUG 11104 --- [           main] org.hibernate.type.BasicTypeRegistry     : Adding type registration org.hibernate.type.ZonedDateTimeType -> basicType@3(java.time.ZonedDateTime,3003)
2025-04-10T15:41:06.254-03:00 DEBUG 11104 --- [           main] org.hibernate.type.BasicTypeRegistry     : Adding type registration ZonedDateTime -> basicType@3(java.time.ZonedDateTime,3003)
2025-04-10T15:41:06.256-03:00 DEBUG 11104 --- [           main] org.hibernate.type.BasicTypeRegistry     : Adding type registration java.time.ZonedDateTime -> basicType@3(java.time.ZonedDateTime,3003)
2025-04-10T15:41:06.257-03:00 DEBUG 11104 --- [           main] org.hibernate.type.BasicTypeRegistry     : Adding type registration org.hibernate.type.OffsetTimeType -> basicType@4(java.time.OffsetTime,3007)
2025-04-10T15:41:06.258-03:00 DEBUG 11104 --- [           main] org.hibernate.type.BasicTypeRegistry     : Adding type registration OffsetTime -> basicType@4(java.time.OffsetTime,3007)
2025-04-10T15:41:06.259-03:00 DEBUG 11104 --- [           main] org.hibernate.type.BasicTypeRegistry     : Adding type registration java.time.OffsetTime -> basicType@4(java.time.OffsetTime,3007)
2025-04-10T15:41:06.263-03:00 DEBUG 11104 --- [           main] o.h.type.spi.TypeConfiguration$Scope     : Scoping TypeConfiguration [org.hibernate.type.spi.TypeConfiguration@432a6a69] to MetadataBuildingContext [org.hibernate.boot.internal.MetadataBuildingContextRootImpl@6f52a229]
2025-04-10T15:41:06.321-03:00 DEBUG 11104 --- [           main] o.h.boot.model.relational.Namespace      : Created database namespace [logicalName=Name{catalog=null, schema=null}, physicalName=Name{catalog=null, schema=null}]
2025-04-10T15:41:06.378-03:00 DEBUG 11104 --- [           main] o.h.boot.model.internal.EntityBinder     : Binding entity from annotated class: com.portfolio.martina_b.entidad.Educacion
2025-04-10T15:41:06.378-03:00 DEBUG 11104 --- [           main] o.h.boot.model.internal.EntityBinder     : Import with entity name Educacion
2025-04-10T15:41:06.409-03:00 DEBUG 11104 --- [           main] o.h.boot.model.internal.EntityBinder     : Bind entity com.portfolio.martina_b.entidad.Educacion on table educacion
2025-04-10T15:41:06.532-03:00 TRACE 11104 --- [onnection adder] o.p.core.v3.ConnectionFactoryImpl        :  <=BE AuthenticationReqMD5(salt=c8707f5c)
2025-04-10T15:41:06.537-03:00 TRACE 11104 --- [onnection adder] o.p.core.v3.ConnectionFactoryImpl        :  FE=> Password(md5digest=md5ed695205f78f15ef249ddfceacec4a00)
2025-04-10T15:41:06.546-03:00 DEBUG 11104 --- [           main] o.h.boot.model.internal.AnnotatedColumn  : Binding column: AnnotatedDiscriminatorColumn(column='DTYPE')
2025-04-10T15:41:06.573-03:00 DEBUG 11104 --- [           main] o.h.boot.model.internal.AnnotatedColumn  : Binding column: AnnotatedColumn()
2025-04-10T15:41:06.577-03:00 DEBUG 11104 --- [           main] o.h.boot.internal.ClassLoaderAccessImpl  : Not known whether passed class name [com.portfolio.martina_b.entidad.Educacion] is safe
2025-04-10T15:41:06.577-03:00 DEBUG 11104 --- [           main] o.h.boot.internal.ClassLoaderAccessImpl  : No temp ClassLoader provided; using live ClassLoader for loading potentially unsafe class : com.portfolio.martina_b.entidad.Educacion
2025-04-10T15:41:06.582-03:00 DEBUG 11104 --- [           main] o.h.boot.model.internal.PropertyBinder   : MetadataSourceProcessor property id with lazy=false
2025-04-10T15:41:06.588-03:00 DEBUG 11104 --- [           main] o.h.b.m.internal.AbstractPropertyHolder  : Attempting to locate auto-apply AttributeConverter for property [com.portfolio.martina_b.entidad.Educacion:id]
2025-04-10T15:41:06.594-03:00 DEBUG 11104 --- [           main] o.h.b.model.internal.BasicValueBinder    : building BasicValue for id
2025-04-10T15:41:06.599-03:00 DEBUG 11104 --- [           main] org.hibernate.mapping.BasicValue         : Skipping column re-registration: educacion.id
2025-04-10T15:41:06.600-03:00 DEBUG 11104 --- [           main] o.h.boot.model.internal.PropertyBinder   : Building property id
2025-04-10T15:41:06.606-03:00 DEBUG 11104 --- [           main] o.h.boot.model.internal.BinderHelper     : #makeIdGenerator(BasicValue([Column(id)]), id, identity, , ...)
2025-04-10T15:41:06.607-03:00 DEBUG 11104 --- [           main] o.h.boot.model.internal.AnnotatedColumn  : Binding column: AnnotatedColumn()
2025-04-10T15:41:06.607-03:00 DEBUG 11104 --- [           main] o.h.boot.model.internal.PropertyBinder   : MetadataSourceProcessor property descripcionE with lazy=false
2025-04-10T15:41:06.608-03:00 DEBUG 11104 --- [           main] o.h.b.m.internal.AbstractPropertyHolder  : Attempting to locate auto-apply AttributeConverter for property [com.portfolio.martina_b.entidad.Educacion:descripcionE]
2025-04-10T15:41:06.608-03:00 DEBUG 11104 --- [           main] o.h.b.model.internal.BasicValueBinder    : building BasicValue for descripcionE
2025-04-10T15:41:06.608-03:00 DEBUG 11104 --- [           main] org.hibernate.mapping.BasicValue         : Skipping column re-registration: educacion.descripcione
2025-04-10T15:41:06.608-03:00 DEBUG 11104 --- [           main] o.h.boot.model.internal.PropertyBinder   : Building property descripcionE
2025-04-10T15:41:06.609-03:00 DEBUG 11104 --- [           main] o.h.boot.model.internal.AnnotatedColumn  : Binding column: AnnotatedColumn()
2025-04-10T15:41:06.609-03:00 DEBUG 11104 --- [           main] o.h.boot.model.internal.PropertyBinder   : MetadataSourceProcessor property nombreE with lazy=false
2025-04-10T15:41:06.609-03:00 DEBUG 11104 --- [           main] o.h.b.m.internal.AbstractPropertyHolder  : Attempting to locate auto-apply AttributeConverter for property [com.portfolio.martina_b.entidad.Educacion:nombreE]
2025-04-10T15:41:06.609-03:00 DEBUG 11104 --- [           main] o.h.b.model.internal.BasicValueBinder    : building BasicValue for nombreE
2025-04-10T15:41:06.609-03:00 DEBUG 11104 --- [           main] org.hibernate.mapping.BasicValue         : Skipping column re-registration: educacion.nombree
2025-04-10T15:41:06.610-03:00 DEBUG 11104 --- [           main] o.h.boot.model.internal.PropertyBinder   : Building property nombreE
2025-04-10T15:41:06.612-03:00 DEBUG 11104 --- [           main] o.h.b.r.c.i.ClassLoaderServiceImpl       : HHH000194: Package not found or no package-info.java: com.portfolio.martina_b.entidad
[...]
2025-04-10T15:41:16.604-03:00 TRACE 11104 --- [onnection adder] o.postgresql.core.v3.QueryExecutorImpl   :  <=BE ParameterStatus(scram_iterations = 4096)
2025-04-10T15:41:16.604-03:00 TRACE 11104 --- [onnection adder] o.postgresql.core.v3.QueryExecutorImpl   :  <=BE ParameterStatus(DateStyle = ISO, MDY)
2025-04-10T15:41:16.604-03:00 TRACE 11104 --- [onnection adder] o.postgresql.core.v3.QueryExecutorImpl   :  <=BE ParameterStatus(standard_conforming_strings = on)
2025-04-10T15:41:16.604-03:00 TRACE 11104 --- [onnection adder] o.postgresql.core.v3.QueryExecutorImpl   :  <=BE ParameterStatus(session_authorization = render)
2025-04-10T15:41:16.604-03:00 TRACE 11104 --- [onnection adder] o.postgresql.core.v3.QueryExecutorImpl   :  <=BE ParameterStatus(client_encoding = UTF8)
2025-04-10T15:41:16.605-03:00 TRACE 11104 --- [onnection adder] o.postgresql.core.v3.QueryExecutorImpl   :  <=BE ParameterStatus(server_version = 16.8 (Debian 16.8-1.pgdg120+1))
2025-04-10T15:41:16.605-03:00 TRACE 11104 --- [onnection adder] o.postgresql.core.v3.QueryExecutorImpl   :  <=BE ParameterStatus(server_encoding = UTF8)
2025-04-10T15:41:16.605-03:00 TRACE 11104 --- [onnection adder] o.postgresql.core.v3.QueryExecutorImpl   :  <=BE BackendKeyData(pid=2.320,ckey=-1.882.501.611)
2025-04-10T15:41:16.605-03:00 TRACE 11104 --- [onnection adder] o.postgresql.core.v3.QueryExecutorImpl   :  <=BE ReadyForQuery(I)
2025-04-10T15:41:16.605-03:00 TRACE 11104 --- [onnection adder] o.postgresql.core.v3.QueryExecutorImpl   :   simple execute, handler=org.postgresql.core.SetupQueryRunner$SimpleResultHandler@192e160d, maxRows=0, fetchSize=0, flags=1.047
2025-04-10T15:41:16.606-03:00 TRACE 11104 --- [onnection adder] o.postgresql.core.v3.QueryExecutorImpl   :  FE=> Parse(stmt=null,query="SET extra_float_digits = 2",oids={})
2025-04-10T15:41:16.606-03:00 TRACE 11104 --- [onnection adder] o.postgresql.core.v3.QueryExecutorImpl   :  FE=> Bind(stmt=null,portal=null)
2025-04-10T15:41:16.606-03:00 TRACE 11104 --- [onnection adder] o.postgresql.core.v3.QueryExecutorImpl   :  FE=> Execute(portal=null,limit=1)
2025-04-10T15:41:16.606-03:00 TRACE 11104 --- [onnection adder] o.postgresql.core.v3.QueryExecutorImpl   :  FE=> Sync
2025-04-10T15:41:16.804-03:00 TRACE 11104 --- [onnection adder] o.postgresql.core.v3.QueryExecutorImpl   :  <=BE ParseComplete [null]
2025-04-10T15:41:16.804-03:00 TRACE 11104 --- [onnection adder] o.postgresql.core.v3.QueryExecutorImpl   :  <=BE BindComplete [unnamed]
2025-04-10T15:41:16.804-03:00 TRACE 11104 --- [onnection adder] o.postgresql.core.v3.QueryExecutorImpl   :  <=BE CommandStatus(SET)
2025-04-10T15:41:16.804-03:00 TRACE 11104 --- [onnection adder] o.postgresql.core.v3.QueryExecutorImpl   :  <=BE ReadyForQuery(I)
2025-04-10T15:41:16.805-03:00 TRACE 11104 --- [onnection adder] o.postgresql.core.v3.QueryExecutorImpl   :   simple execute, handler=org.postgresql.core.SetupQueryRunner$SimpleResultHandler@35c338f8, maxRows=0, fetchSize=0, flags=1.047
2025-04-10T15:41:16.805-03:00 TRACE 11104 --- [onnection adder] o.postgresql.core.v3.QueryExecutorImpl   :  FE=> Parse(stmt=null,query="SET application_name = 'PostgreSQL JDBC Driver'",oids={})
2025-04-10T15:41:16.805-03:00 TRACE 11104 --- [onnection adder] o.postgresql.core.v3.QueryExecutorImpl   :  FE=> Bind(stmt=null,portal=null)
2025-04-10T15:41:16.805-03:00 TRACE 11104 --- [onnection adder] o.postgresql.core.v3.QueryExecutorImpl   :  FE=> Execute(portal=null,limit=1)
2025-04-10T15:41:16.805-03:00 TRACE 11104 --- [onnection adder] o.postgresql.core.v3.QueryExecutorImpl   :  FE=> Sync
2025-04-10T15:41:17.005-03:00 TRACE 11104 --- [onnection adder] o.postgresql.core.v3.QueryExecutorImpl   :  <=BE ParseComplete [null]
2025-04-10T15:41:17.005-03:00 TRACE 11104 --- [onnection adder] o.postgresql.core.v3.QueryExecutorImpl   :  <=BE BindComplete [unnamed]
2025-04-10T15:41:17.006-03:00 TRACE 11104 --- [onnection adder] o.postgresql.core.v3.QueryExecutorImpl   :  <=BE CommandStatus(SET)
2025-04-10T15:41:17.006-03:00 TRACE 11104 --- [onnection adder] o.postgresql.core.v3.QueryExecutorImpl   :  <=BE ParameterStatus(application_name = PostgreSQL JDBC Driver)
2025-04-10T15:41:17.006-03:00 TRACE 11104 --- [onnection adder] o.postgresql.core.v3.QueryExecutorImpl   :  <=BE ReadyForQuery(I)
2025-04-10T15:41:17.007-03:00 TRACE 11104 --- [onnection adder] org.postgresql.jdbc.PgConnection         :     types using binary send = TIMESTAMPTZ,NUMERIC,OID_ARRAY,UUID,BYTEA_ARRAY,INT2_ARRAY,INT4_ARRAY,BYTEA,TEXT_ARRAY,TIMETZ,INT8,INT2,INT4,VARCHAR_ARRAY,INT8_ARRAY,POINT,TIMESTAMP,TIME,BOX,FLOAT4,FLOAT8,FLOAT4_ARRAY,FLOAT8_ARRAY
2025-04-10T15:41:17.007-03:00 TRACE 11104 --- [onnection adder] org.postgresql.jdbc.PgConnection         :     types using binary receive = TIMESTAMPTZ,NUMERIC,OID_ARRAY,UUID,BYTEA_ARRAY,INT2_ARRAY,INT4_ARRAY,BYTEA,TEXT_ARRAY,TIMETZ,INT8,INT2,INT4,VARCHAR_ARRAY,INT8_ARRAY,POINT,DATE,TIMESTAMP,TIME,BOX,FLOAT4,FLOAT8,FLOAT4_ARRAY,FLOAT8_ARRAY
2025-04-10T15:41:17.007-03:00 TRACE 11104 --- [onnection adder] org.postgresql.jdbc.PgConnection         :     integer date/time = true
2025-04-10T15:41:17.009-03:00 DEBUG 11104 --- [onnection adder] com.zaxxer.hikari.pool.HikariPool        : HikariPool-1 - Added connection org.postgresql.jdbc.PgConnection@1e259f85
2025-04-10T15:41:17.455-03:00 DEBUG 11104 --- [onnection adder] com.zaxxer.hikari.pool.HikariPool        : HikariPool-1 - After adding stats (total=8, active=0, idle=8, waiting=0)
2025-04-10T15:41:17.457-03:00 DEBUG 11104 --- [onnection adder] org.postgresql.Driver                    : Connecting with URL: jdbc:postgresql://dpg-cvs0fj2dbo4c73fr4r10-a.oregon-postgres.render.com:5432/dbmartina?sslmode=require
2025-04-10T15:41:17.457-03:00 DEBUG 11104 --- [onnection adder] org.postgresql.jdbc.PgConnection         : PostgreSQL JDBC Driver 42.7.5
2025-04-10T15:41:17.458-03:00 DEBUG 11104 --- [onnection adder] org.postgresql.jdbc.PgConnection         :   setDefaultFetchSize = 0
2025-04-10T15:41:17.458-03:00 DEBUG 11104 --- [onnection adder] org.postgresql.jdbc.PgConnection         :   setPrepareThreshold = 5
2025-04-10T15:41:17.458-03:00 DEBUG 11104 --- [onnection adder] o.p.core.v3.ConnectionFactoryImpl        : Trying to establish a protocol version 3 connection to dpg-cvs0fj2dbo4c73fr4r10-a.oregon-postgres.render.com:5432
2025-04-10T15:41:17.633-03:00 DEBUG 11104 --- [onnection adder] o.p.core.v3.ConnectionFactoryImpl        : Receive Buffer Size is 65.536
2025-04-10T15:41:17.633-03:00 DEBUG 11104 --- [onnection adder] o.p.core.v3.ConnectionFactoryImpl        : Send Buffer Size is 65.536
2025-04-10T15:41:17.633-03:00 TRACE 11104 --- [onnection adder] o.p.core.v3.ConnectionFactoryImpl        :  FE=> SSLRequest postgres
2025-04-10T15:41:17.690-03:00 DEBUG 11104 --- [           main] .h.v.m.ResourceBundleMessageInterpolator : Loaded expression factory via original TCCL
2025-04-10T15:41:17.692-03:00 DEBUG 11104 --- [           main] o.h.v.i.e.AbstractConfigurationImpl      : Setting custom MessageInterpolator of type org.springframework.validation.beanvalidation.LocaleContextMessageInterpolator
2025-04-10T15:41:17.693-03:00 DEBUG 11104 --- [           main] o.h.v.i.e.AbstractConfigurationImpl      : Setting custom ConstraintValidatorFactory of type org.springframework.validation.beanvalidation.SpringConstraintValidatorFactory
2025-04-10T15:41:17.694-03:00 DEBUG 11104 --- [           main] o.h.v.i.xml.config.ValidationXmlParser   : Trying to load META-INF/validation.xml for XML based Validator configuration.
2025-04-10T15:41:17.695-03:00 DEBUG 11104 --- [           main] o.h.v.i.xml.config.ResourceLoaderHelper  : Trying to load META-INF/validation.xml via user class loader
2025-04-10T15:41:17.695-03:00 DEBUG 11104 --- [           main] o.h.v.i.xml.config.ResourceLoaderHelper  : Trying to load META-INF/validation.xml via TCCL
2025-04-10T15:41:17.695-03:00 DEBUG 11104 --- [           main] o.h.v.i.xml.config.ResourceLoaderHelper  : Trying to load META-INF/validation.xml via Hibernate Validator's class loader
2025-04-10T15:41:17.695-03:00 DEBUG 11104 --- [           main] o.h.v.i.xml.config.ValidationXmlParser   : No META-INF/validation.xml found. Using annotation based configuration only.
2025-04-10T15:41:17.695-03:00 DEBUG 11104 --- [           main] o.h.v.i.e.resolver.TraversableResolvers  : Found jakarta.persistence.Persistence on classpath containing 'getPersistenceUtil'. Assuming JPA 2 environment. Trying to instantiate JPA aware TraversableResolver
2025-04-10T15:41:17.695-03:00 DEBUG 11104 --- [           main] o.h.v.i.e.resolver.TraversableResolvers  : Instantiated JPA aware TraversableResolver of type org.hibernate.validator.internal.engine.resolver.JPATraversableResolver.
2025-04-10T15:41:17.697-03:00 DEBUG 11104 --- [           main] .i.e.ValidatorFactoryConfigurationHelper : HV000252: Using org.hibernate.validator.internal.engine.DefaultPropertyNodeNameProvider as property node name provider.
2025-04-10T15:41:17.697-03:00 DEBUG 11104 --- [           main] .i.e.ValidatorFactoryConfigurationHelper : HV000234: Using org.springframework.validation.beanvalidation.LocaleContextMessageInterpolator as ValidatorFactory-scoped message interpolator.
2025-04-10T15:41:17.697-03:00 DEBUG 11104 --- [           main] .i.e.ValidatorFactoryConfigurationHelper : HV000234: Using org.hibernate.validator.internal.engine.resolver.JPATraversableResolver as ValidatorFactory-scoped traversable resolver.
2025-04-10T15:41:17.698-03:00 DEBUG 11104 --- [           main] .i.e.ValidatorFactoryConfigurationHelper : HV000234: Using org.hibernate.validator.internal.util.ExecutableParameterNameProvider as ValidatorFactory-scoped parameter name provider.
2025-04-10T15:41:17.698-03:00 DEBUG 11104 --- [           main] .i.e.ValidatorFactoryConfigurationHelper : HV000234: Using org.hibernate.validator.internal.engine.DefaultClockProvider as ValidatorFactory-scoped clock provider.
2025-04-10T15:41:17.698-03:00 DEBUG 11104 --- [           main] .i.e.ValidatorFactoryConfigurationHelper : HV000234: Using org.hibernate.validator.internal.engine.scripting.DefaultScriptEvaluatorFactory as ValidatorFactory-scoped script evaluator factory.
2025-04-10T15:41:17.809-03:00 TRACE 11104 --- [onnection adder] o.p.core.v3.ConnectionFactoryImpl        :  <=BE SSLOk
2025-04-10T15:41:17.809-03:00 DEBUG 11104 --- [onnection adder] org.postgresql.ssl.MakeSSL               : converting regular socket connection to ssl
2025-04-10T15:41:17.996-03:00 TRACE 11104 --- [onnection adder] o.p.core.v3.ConnectionFactoryImpl        :  FE=> StartupPacket(user=render, database=dbmartina, client_encoding=UTF8, DateStyle=ISO, TimeZone=America/Buenos_Aires)
2025-04-10T15:41:18.310-03:00 TRACE 11104 --- [onnection adder] o.p.core.v3.ConnectionFactoryImpl        :  <=BE AuthenticationReqMD5(salt=52bab7fa)
2025-04-10T15:41:18.310-03:00 TRACE 11104 --- [onnection adder] o.p.core.v3.ConnectionFactoryImpl        :  FE=> Password(md5digest=md5016bcb5f66a5039640a920e8b6d7c844)
2025-04-10T15:41:18.413-03:00  INFO 11104 --- [           main] c.p.martina_b.MartinaBApplicationTests   : Started MartinaBApplicationTests in 23.961 seconds (process running for 26.298)
2025-04-10T15:41:18.512-03:00 TRACE 11104 --- [onnection adder] o.p.core.v3.ConnectionFactoryImpl        :  <=BE AuthenticationOk
2025-04-10T15:41:18.512-03:00 TRACE 11104 --- [onnection adder] o.postgresql.core.v3.QueryExecutorImpl   :  <=BE ParameterStatus(in_hot_standby = off)
2025-04-10T15:41:18.512-03:00 TRACE 11104 --- [onnection adder] o.postgresql.core.v3.QueryExecutorImpl   :  <=BE ParameterStatus(integer_datetimes = on)
2025-04-10T15:41:18.512-03:00 TRACE 11104 --- [onnection adder] o.postgresql.core.v3.QueryExecutorImpl   :  <=BE ParameterStatus(TimeZone = America/Buenos_Aires)
2025-04-10T15:41:18.512-03:00 TRACE 11104 --- [onnection adder] o.postgresql.core.v3.QueryExecutorImpl   :  <=BE ParameterStatus(IntervalStyle = postgres)
2025-04-10T15:41:18.512-03:00 TRACE 11104 --- [onnection adder] o.postgresql.core.v3.QueryExecutorImpl   :  <=BE ParameterStatus(is_superuser = off)
2025-04-10T15:41:18.512-03:00 TRACE 11104 --- [onnection adder] o.postgresql.core.v3.QueryExecutorImpl   :  <=BE ParameterStatus(application_name = )
2025-04-10T15:41:18.512-03:00 TRACE 11104 --- [onnection adder] o.postgresql.core.v3.QueryExecutorImpl   :  <=BE ParameterStatus(default_transaction_read_only = off)
2025-04-10T15:41:18.512-03:00 TRACE 11104 --- [onnection adder] o.postgresql.core.v3.QueryExecutorImpl   :  <=BE ParameterStatus(scram_iterations = 4096)
2025-04-10T15:41:18.512-03:00 TRACE 11104 --- [onnection adder] o.postgresql.core.v3.QueryExecutorImpl   :  <=BE ParameterStatus(DateStyle = ISO, MDY)
2025-04-10T15:41:18.512-03:00 TRACE 11104 --- [onnection adder] o.postgresql.core.v3.QueryExecutorImpl   :  <=BE ParameterStatus(standard_conforming_strings = on)
2025-04-10T15:41:18.512-03:00 TRACE 11104 --- [onnection adder] o.postgresql.core.v3.QueryExecutorImpl   :  <=BE ParameterStatus(session_authorization = render)
2025-04-10T15:41:18.512-03:00 TRACE 11104 --- [onnection adder] o.postgresql.core.v3.QueryExecutorImpl   :  <=BE ParameterStatus(client_encoding = UTF8)
2025-04-10T15:41:18.512-03:00 TRACE 11104 --- [onnection adder] o.postgresql.core.v3.QueryExecutorImpl   :  <=BE ParameterStatus(server_version = 16.8 (Debian 16.8-1.pgdg120+1))
2025-04-10T15:41:18.512-03:00 TRACE 11104 --- [onnection adder] o.postgresql.core.v3.QueryExecutorImpl   :  <=BE ParameterStatus(server_encoding = UTF8)
2025-04-10T15:41:18.512-03:00 TRACE 11104 --- [onnection adder] o.postgresql.core.v3.QueryExecutorImpl   :  <=BE BackendKeyData(pid=2.321,ckey=674.485.935)
2025-04-10T15:41:18.512-03:00 TRACE 11104 --- [onnection adder] o.postgresql.core.v3.QueryExecutorImpl   :  <=BE ReadyForQuery(I)
2025-04-10T15:41:18.512-03:00 TRACE 11104 --- [onnection adder] o.postgresql.core.v3.QueryExecutorImpl   :   simple execute, handler=org.postgresql.core.SetupQueryRunner$SimpleResultHandler@68549995, maxRows=0, fetchSize=0, flags=1.047
2025-04-10T15:41:18.512-03:00 TRACE 11104 --- [onnection adder] o.postgresql.core.v3.QueryExecutorImpl   :  FE=> Parse(stmt=null,query="SET extra_float_digits = 2",oids={})
2025-04-10T15:41:18.512-03:00 TRACE 11104 --- [onnection adder] o.postgresql.core.v3.QueryExecutorImpl   :  FE=> Bind(stmt=null,portal=null)
2025-04-10T15:41:18.512-03:00 TRACE 11104 --- [onnection adder] o.postgresql.core.v3.QueryExecutorImpl   :  FE=> Execute(portal=null,limit=1)
2025-04-10T15:41:18.512-03:00 TRACE 11104 --- [onnection adder] o.postgresql.core.v3.QueryExecutorImpl   :  FE=> Sync
2025-04-10T15:41:18.712-03:00 TRACE 11104 --- [onnection adder] o.postgresql.core.v3.QueryExecutorImpl   :  <=BE ParseComplete [null]
2025-04-10T15:41:18.712-03:00 TRACE 11104 --- [onnection adder] o.postgresql.core.v3.QueryExecutorImpl   :  <=BE BindComplete [unnamed]
2025-04-10T15:41:18.712-03:00 TRACE 11104 --- [onnection adder] o.postgresql.core.v3.QueryExecutorImpl   :  <=BE CommandStatus(SET)
2025-04-10T15:41:18.712-03:00 TRACE 11104 --- [onnection adder] o.postgresql.core.v3.QueryExecutorImpl   :  <=BE ReadyForQuery(I)
2025-04-10T15:41:18.712-03:00 TRACE 11104 --- [onnection adder] o.postgresql.core.v3.QueryExecutorImpl   :   simple execute, handler=org.postgresql.core.SetupQueryRunner$SimpleResultHandler@12364ec, maxRows=0, fetchSize=0, flags=1.047
2025-04-10T15:41:18.713-03:00 TRACE 11104 --- [onnection adder] o.postgresql.core.v3.QueryExecutorImpl   :  FE=> Parse(stmt=null,query="SET application_name = 'PostgreSQL JDBC Driver'",oids={})
2025-04-10T15:41:18.713-03:00 TRACE 11104 --- [onnection adder] o.postgresql.core.v3.QueryExecutorImpl   :  FE=> Bind(stmt=null,portal=null)
2025-04-10T15:41:18.713-03:00 TRACE 11104 --- [onnection adder] o.postgresql.core.v3.QueryExecutorImpl   :  FE=> Execute(portal=null,limit=1)
2025-04-10T15:41:18.713-03:00 TRACE 11104 --- [onnection adder] o.postgresql.core.v3.QueryExecutorImpl   :  FE=> Sync
2025-04-10T15:41:18.913-03:00 TRACE 11104 --- [onnection adder] o.postgresql.core.v3.QueryExecutorImpl   :  <=BE ParseComplete [null]
2025-04-10T15:41:18.913-03:00 TRACE 11104 --- [onnection adder] o.postgresql.core.v3.QueryExecutorImpl   :  <=BE BindComplete [unnamed]
2025-04-10T15:41:18.913-03:00 TRACE 11104 --- [onnection adder] o.postgresql.core.v3.QueryExecutorImpl   :  <=BE CommandStatus(SET)
2025-04-10T15:41:18.913-03:00 TRACE 11104 --- [onnection adder] o.postgresql.core.v3.QueryExecutorImpl   :  <=BE ParameterStatus(application_name = PostgreSQL JDBC Driver)
2025-04-10T15:41:18.913-03:00 TRACE 11104 --- [onnection adder] o.postgresql.core.v3.QueryExecutorImpl   :  <=BE ReadyForQuery(I)
2025-04-10T15:41:18.913-03:00 TRACE 11104 --- [onnection adder] org.postgresql.jdbc.PgConnection         :     types using binary send = TIMESTAMPTZ,NUMERIC,OID_ARRAY,UUID,BYTEA_ARRAY,INT2_ARRAY,INT4_ARRAY,BYTEA,TEXT_ARRAY,TIMETZ,INT8,INT2,INT4,VARCHAR_ARRAY,INT8_ARRAY,POINT,TIMESTAMP,TIME,BOX,FLOAT4,FLOAT8,FLOAT4_ARRAY,FLOAT8_ARRAY
2025-04-10T15:41:18.913-03:00 TRACE 11104 --- [onnection adder] org.postgresql.jdbc.PgConnection         :     types using binary receive = TIMESTAMPTZ,NUMERIC,OID_ARRAY,UUID,BYTEA_ARRAY,INT2_ARRAY,INT4_ARRAY,BYTEA,TEXT_ARRAY,TIMETZ,INT8,INT2,INT4,VARCHAR_ARRAY,INT8_ARRAY,POINT,DATE,TIMESTAMP,TIME,BOX,FLOAT4,FLOAT8,FLOAT4_ARRAY,FLOAT8_ARRAY
2025-04-10T15:41:18.913-03:00 TRACE 11104 --- [onnection adder] org.postgresql.jdbc.PgConnection         :     integer date/time = true
2025-04-10T15:41:18.914-03:00 DEBUG 11104 --- [onnection adder] com.zaxxer.hikari.pool.HikariPool        : HikariPool-1 - Added connection org.postgresql.jdbc.PgConnection@2d8b98c8
2025-04-10T15:41:18.961-03:00 DEBUG 11104 --- [onnection adder] com.zaxxer.hikari.pool.HikariPool        : HikariPool-1 - After adding stats (total=9, active=0, idle=9, waiting=0)
2025-04-10T15:41:18.962-03:00 DEBUG 11104 --- [onnection adder] org.postgresql.Driver                    : Connecting with URL: jdbc:postgresql://dpg-cvs0fj2dbo4c73fr4r10-a.oregon-postgres.render.com:5432/dbmartina?sslmode=require
2025-04-10T15:41:18.962-03:00 DEBUG 11104 --- [onnection adder] org.postgresql.jdbc.PgConnection         : PostgreSQL JDBC Driver 42.7.5
2025-04-10T15:41:18.963-03:00 DEBUG 11104 --- [onnection adder] org.postgresql.jdbc.PgConnection         :   setDefaultFetchSize = 0
2025-04-10T15:41:18.964-03:00 DEBUG 11104 --- [onnection adder] org.postgresql.jdbc.PgConnection         :   setPrepareThreshold = 5
2025-04-10T15:41:18.964-03:00 DEBUG 11104 --- [onnection adder] o.p.core.v3.ConnectionFactoryImpl        : Trying to establish a protocol version 3 connection to dpg-cvs0fj2dbo4c73fr4r10-a.oregon-postgres.render.com:5432
2025-04-10T15:41:19.127-03:00 DEBUG 11104 --- [onnection adder] o.p.core.v3.ConnectionFactoryImpl        : Receive Buffer Size is 65.536
2025-04-10T15:41:19.127-03:00 DEBUG 11104 --- [onnection adder] o.p.core.v3.ConnectionFactoryImpl        : Send Buffer Size is 65.536
2025-04-10T15:41:19.127-03:00 TRACE 11104 --- [onnection adder] o.p.core.v3.ConnectionFactoryImpl        :  FE=> SSLRequest postgres
]]></system-out>
    <system-err><![CDATA[Mockito is currently self-attaching to enable the inline-mock-maker. This will no longer work in future releases of the JDK. Please add Mockito as an agent to your build what is described in Mockito's documentation: https://javadoc.io/doc/org.mockito/mockito-core/latest/org/mockito/Mockito.html#0.3
WARNING: A Java agent has been loaded dynamically (C:\Users\Usuario\.m2\repository\net\bytebuddy\byte-buddy-agent\1.15.11\byte-buddy-agent-1.15.11.jar)
WARNING: If a serviceability tool is in use, please run with -XX:+EnableDynamicAgentLoading to hide this warning
WARNING: If a serviceability tool is not in use, please run with -Djdk.instrument.traceUsage for more information
WARNING: Dynamic loading of agents will be disallowed by default in a future release
]]></system-err>
  </testcase>
</testsuite>